19:21:37 **** Incremental Build of configuration Debug for project Drivers ****
make -j16 all 
arm-none-eabi-gcc -gdwarf-2 -o "Drivers.elf" @"objects.list"   -mcpu=cortex-m3 -T"C:\Users\Younis\Desktop\Embedded-diploma-orig\Unit 7\Lesson 3\Drivers\STM32F103C6TX_FLASH.ld" --specs=nosys.specs -Wl,-Map="Drivers.map" -Wl,--gc-sections -static --specs=nano.specs -mfloat-abi=soft -mthumb -Wl,--start-group -lc -lm -Wl,--end-group
C:/ST/STM32CubeIDE_1.4.0/STM32CubeIDE/plugins/com.st.stm32cube.ide.mcu.externaltools.gnu-tools-for-stm32.12.3.rel1.win32_1.0.200.202406191623/tools/bin/../lib/gcc/arm-none-eabi/12.3.1/../../../../arm-none-eabi/bin/ld.exe: ./Stm32_F103C6_Drivers/Keyboard_Driver/Keypad.o:C:/Users/Younis/Desktop/Embedded-diploma-orig/Unit 7/Lesson 3/Drivers/Debug/../Stm32_F103C6_Drivers/Keyboard_Driver/Keypad.h:16: multiple definition of `PinCnfg'; ./Src/main.o:C:/Users/Younis/Desktop/Embedded-diploma-orig/Unit 7/Lesson 3/Drivers/Stm32_F103C6_Drivers/Keyboard_Driver/Keypad.h:16: first defined here
C:/ST/STM32CubeIDE_1.4.0/STM32CubeIDE/plugins/com.st.stm32cube.ide.mcu.externaltools.gnu-tools-for-stm32.12.3.rel1.win32_1.0.200.202406191623/tools/bin/../lib/gcc/arm-none-eabi/12.3.1/../../../../arm-none-eabi/bin/ld.exe: ./Stm32_F103C6_Drivers/LCD_Driver/LCD.o:C:/Users/Younis/Desktop/Embedded-diploma-orig/Unit 7/Lesson 3/Drivers/Debug/../Stm32_F103C6_Drivers/LCD_Driver/LCD.h:15: multiple definition of `PinCnfg'; ./Src/main.o:C:/Users/Younis/Desktop/Embedded-diploma-orig/Unit 7/Lesson 3/Drivers/Stm32_F103C6_Drivers/Keyboard_Driver/Keypad.h:16: first defined here
C:/ST/STM32CubeIDE_1.4.0/STM32CubeIDE/plugins/com.st.stm32cube.ide.mcu.externaltools.gnu-tools-for-stm32.12.3.rel1.win32_1.0.200.202406191623/tools/bin/../lib/gcc/arm-none-eabi/12.3.1/../../../../arm-none-eabi/bin/ld.exe: warning: Drivers.elf has a LOAD segment with RWX permissions
collect2.exe: error: ld returned 1 exit status
make: *** [makefile:66: Drivers.elf] Error 1
"make -j16 all" terminated with exit code 2. Build might be incomplete.
19:28:40 **** Incremental Build of configuration Debug for project Drivers ****
make -j16 all 
arm-none-eabi-gcc -gdwarf-2 "../Stm32_F103C6_Drivers/LCD_Driver/LCD.c" -mcpu=cortex-m3 -std=gnu11 -g3 -DSTM32 -DSTM32F1 -DSTM32F103C6Tx -DDEBUG -c -I"C:/Users/Younis/Desktop/Embedded-diploma-orig/Unit 7/Lesson 3/Drivers/Stm32_F103C6_Drivers/Keyboard_Driver" -I"C:/Users/Younis/Desktop/Embedded-diploma-orig/Unit 7/Lesson 3/Drivers/Stm32_F103C6_Drivers/LCD_Driver" -I"C:/Users/Younis/Desktop/Embedded-diploma-orig/Unit 7/Lesson 3/Drivers/Stm32_F103C6_Drivers/inc" -I"C:/Users/Younis/Desktop/Embedded-diploma-orig/Unit 7/Lesson 3/Drivers/Inc" -O0 -ffunction-sections -fdata-sections -Wall -fstack-usage -fcyclomatic-complexity -MMD -MP -MF"Stm32_F103C6_Drivers/LCD_Driver/LCD.d" -MT"Stm32_F103C6_Drivers/LCD_Driver/LCD.o" --specs=nano.specs -mfloat-abi=soft -mthumb -o "Stm32_F103C6_Drivers/LCD_Driver/LCD.o"
arm-none-eabi-gcc -gdwarf-2 "../Src/main.c" -mcpu=cortex-m3 -std=gnu11 -g3 -DSTM32 -DSTM32F1 -DSTM32F103C6Tx -DDEBUG -c -I"C:/Users/Younis/Desktop/Embedded-diploma-orig/Unit 7/Lesson 3/Drivers/Stm32_F103C6_Drivers/Keyboard_Driver" -I"C:/Users/Younis/Desktop/Embedded-diploma-orig/Unit 7/Lesson 3/Drivers/Stm32_F103C6_Drivers/LCD_Driver" -I"C:/Users/Younis/Desktop/Embedded-diploma-orig/Unit 7/Lesson 3/Drivers/Stm32_F103C6_Drivers/inc" -I"C:/Users/Younis/Desktop/Embedded-diploma-orig/Unit 7/Lesson 3/Drivers/Inc" -O0 -ffunction-sections -fdata-sections -Wall -fstack-usage -fcyclomatic-complexity -MMD -MP -MF"Src/main.d" -MT"Src/main.o" --specs=nano.specs -mfloat-abi=soft -mthumb -o "Src/main.o"
../Src/main.c: In function 'main':
../Src/main.c:141:9: warning: implicit declaration of function 'my_wait' [-Wimplicit-function-declaration]
  141 |         my_wait(100);
      |         ^~~~~~~
arm-none-eabi-gcc -gdwarf-2 -o "Drivers.elf" @"objects.list"   -mcpu=cortex-m3 -T"C:\Users\Younis\Desktop\Embedded-diploma-orig\Unit 7\Lesson 3\Drivers\STM32F103C6TX_FLASH.ld" --specs=nosys.specs -Wl,-Map="Drivers.map" -Wl,--gc-sections -static --specs=nano.specs -mfloat-abi=soft -mthumb -Wl,--start-group -lc -lm -Wl,--end-group
C:/ST/STM32CubeIDE_1.4.0/STM32CubeIDE/plugins/com.st.stm32cube.ide.mcu.externaltools.gnu-tools-for-stm32.12.3.rel1.win32_1.0.200.202406191623/tools/bin/../lib/gcc/arm-none-eabi/12.3.1/../../../../arm-none-eabi/bin/ld.exe: ./Stm32_F103C6_Drivers/Keyboard_Driver/Keypad.o:C:/Users/Younis/Desktop/Embedded-diploma-orig/Unit 7/Lesson 3/Drivers/Debug/../Stm32_F103C6_Drivers/Keyboard_Driver/Keypad.h:16: multiple definition of `PinCnfg'; ./Src/main.o:C:/Users/Younis/Desktop/Embedded-diploma-orig/Unit 7/Lesson 3/Drivers/Stm32_F103C6_Drivers/Keyboard_Driver/Keypad.h:16: first defined here
C:/ST/STM32CubeIDE_1.4.0/STM32CubeIDE/plugins/com.st.stm32cube.ide.mcu.externaltools.gnu-tools-for-stm32.12.3.rel1.win32_1.0.200.202406191623/tools/bin/../lib/gcc/arm-none-eabi/12.3.1/../../../../arm-none-eabi/bin/ld.exe: warning: Drivers.elf has a LOAD segment with RWX permissions
collect2.exe: error: ld returned 1 exit status
make: *** [makefile:66: Drivers.elf] Error 1
"make -j16 all" terminated with exit code 2. Build might be incomplete.
19:28:51 **** Incremental Build of configuration Debug for project Drivers ****
make -j16 all 
arm-none-eabi-gcc -gdwarf-2 "../Stm32_F103C6_Drivers/Keyboard_Driver/Keypad.c" -mcpu=cortex-m3 -std=gnu11 -g3 -DSTM32 -DSTM32F1 -DSTM32F103C6Tx -DDEBUG -c -I"C:/Users/Younis/Desktop/Embedded-diploma-orig/Unit 7/Lesson 3/Drivers/Stm32_F103C6_Drivers/Keyboard_Driver" -I"C:/Users/Younis/Desktop/Embedded-diploma-orig/Unit 7/Lesson 3/Drivers/Stm32_F103C6_Drivers/LCD_Driver" -I"C:/Users/Younis/Desktop/Embedded-diploma-orig/Unit 7/Lesson 3/Drivers/Stm32_F103C6_Drivers/inc" -I"C:/Users/Younis/Desktop/Embedded-diploma-orig/Unit 7/Lesson 3/Drivers/Inc" -O0 -ffunction-sections -fdata-sections -Wall -fstack-usage -fcyclomatic-complexity -MMD -MP -MF"Stm32_F103C6_Drivers/Keyboard_Driver/Keypad.d" -MT"Stm32_F103C6_Drivers/Keyboard_Driver/Keypad.o" --specs=nano.specs -mfloat-abi=soft -mthumb -o "Stm32_F103C6_Drivers/Keyboard_Driver/Keypad.o"
arm-none-eabi-gcc -gdwarf-2 "../Src/main.c" -mcpu=cortex-m3 -std=gnu11 -g3 -DSTM32 -DSTM32F1 -DSTM32F103C6Tx -DDEBUG -c -I"C:/Users/Younis/Desktop/Embedded-diploma-orig/Unit 7/Lesson 3/Drivers/Stm32_F103C6_Drivers/Keyboard_Driver" -I"C:/Users/Younis/Desktop/Embedded-diploma-orig/Unit 7/Lesson 3/Drivers/Stm32_F103C6_Drivers/LCD_Driver" -I"C:/Users/Younis/Desktop/Embedded-diploma-orig/Unit 7/Lesson 3/Drivers/Stm32_F103C6_Drivers/inc" -I"C:/Users/Younis/Desktop/Embedded-diploma-orig/Unit 7/Lesson 3/Drivers/Inc" -O0 -ffunction-sections -fdata-sections -Wall -fstack-usage -fcyclomatic-complexity -MMD -MP -MF"Src/main.d" -MT"Src/main.o" --specs=nano.specs -mfloat-abi=soft -mthumb -o "Src/main.o"
../Src/main.c: In function 'main':
../Src/main.c:141:9: warning: implicit declaration of function 'my_wait' [-Wimplicit-function-declaration]
  141 |         my_wait(100);
      |         ^~~~~~~
arm-none-eabi-gcc -gdwarf-2 -o "Drivers.elf" @"objects.list"   -mcpu=cortex-m3 -T"C:\Users\Younis\Desktop\Embedded-diploma-orig\Unit 7\Lesson 3\Drivers\STM32F103C6TX_FLASH.ld" --specs=nosys.specs -Wl,-Map="Drivers.map" -Wl,--gc-sections -static --specs=nano.specs -mfloat-abi=soft -mthumb -Wl,--start-group -lc -lm -Wl,--end-group
C:/ST/STM32CubeIDE_1.4.0/STM32CubeIDE/plugins/com.st.stm32cube.ide.mcu.externaltools.gnu-tools-for-stm32.12.3.rel1.win32_1.0.200.202406191623/tools/bin/../lib/gcc/arm-none-eabi/12.3.1/../../../../arm-none-eabi/bin/ld.exe: warning: Drivers.elf has a LOAD segment with RWX permissions
C:/ST/STM32CubeIDE_1.4.0/STM32CubeIDE/plugins/com.st.stm32cube.ide.mcu.externaltools.gnu-tools-for-stm32.12.3.rel1.win32_1.0.200.202406191623/tools/bin/../lib/gcc/arm-none-eabi/12.3.1/../../../../arm-none-eabi/bin/ld.exe: ./Stm32_F103C6_Drivers/Keyboard_Driver/Keypad.o: in function `Keypad_Init':
C:/Users/Younis/Desktop/Embedded-diploma-orig/Unit 7/Lesson 3/Drivers/Debug/../Stm32_F103C6_Drivers/Keyboard_Driver/Keypad.c:63: undefined reference to `PinCnfg'
C:/ST/STM32CubeIDE_1.4.0/STM32CubeIDE/plugins/com.st.stm32cube.ide.mcu.externaltools.gnu-tools-for-stm32.12.3.rel1.win32_1.0.200.202406191623/tools/bin/../lib/gcc/arm-none-eabi/12.3.1/../../../../arm-none-eabi/bin/ld.exe: ./Stm32_F103C6_Drivers/LCD_Driver/LCD.o: in function `LCD_Init':
C:/Users/Younis/Desktop/Embedded-diploma-orig/Unit 7/Lesson 3/Drivers/Debug/../Stm32_F103C6_Drivers/LCD_Driver/LCD.c:144: undefined reference to `PinCnfg'
collect2.exe: error: ld returned 1 exit status
make: *** [makefile:66: Drivers.elf] Error 1
"make -j16 all" terminated with exit code 2. Build might be incomplete.
19:29:23 **** Incremental Build of configuration Debug for project Drivers ****
make -j16 all 
arm-none-eabi-gcc -gdwarf-2 "../Stm32_F103C6_Drivers/Keyboard_Driver/Keypad.c" -mcpu=cortex-m3 -std=gnu11 -g3 -DSTM32 -DSTM32F1 -DSTM32F103C6Tx -DDEBUG -c -I"C:/Users/Younis/Desktop/Embedded-diploma-orig/Unit 7/Lesson 3/Drivers/Stm32_F103C6_Drivers/Keyboard_Driver" -I"C:/Users/Younis/Desktop/Embedded-diploma-orig/Unit 7/Lesson 3/Drivers/Stm32_F103C6_Drivers/LCD_Driver" -I"C:/Users/Younis/Desktop/Embedded-diploma-orig/Unit 7/Lesson 3/Drivers/Stm32_F103C6_Drivers/inc" -I"C:/Users/Younis/Desktop/Embedded-diploma-orig/Unit 7/Lesson 3/Drivers/Inc" -O0 -ffunction-sections -fdata-sections -Wall -fstack-usage -fcyclomatic-complexity -MMD -MP -MF"Stm32_F103C6_Drivers/Keyboard_Driver/Keypad.d" -MT"Stm32_F103C6_Drivers/Keyboard_Driver/Keypad.o" --specs=nano.specs -mfloat-abi=soft -mthumb -o "Stm32_F103C6_Drivers/Keyboard_Driver/Keypad.o"
arm-none-eabi-gcc -gdwarf-2 "../Src/main.c" -mcpu=cortex-m3 -std=gnu11 -g3 -DSTM32 -DSTM32F1 -DSTM32F103C6Tx -DDEBUG -c -I"C:/Users/Younis/Desktop/Embedded-diploma-orig/Unit 7/Lesson 3/Drivers/Stm32_F103C6_Drivers/Keyboard_Driver" -I"C:/Users/Younis/Desktop/Embedded-diploma-orig/Unit 7/Lesson 3/Drivers/Stm32_F103C6_Drivers/LCD_Driver" -I"C:/Users/Younis/Desktop/Embedded-diploma-orig/Unit 7/Lesson 3/Drivers/Stm32_F103C6_Drivers/inc" -I"C:/Users/Younis/Desktop/Embedded-diploma-orig/Unit 7/Lesson 3/Drivers/Inc" -O0 -ffunction-sections -fdata-sections -Wall -fstack-usage -fcyclomatic-complexity -MMD -MP -MF"Src/main.d" -MT"Src/main.o" --specs=nano.specs -mfloat-abi=soft -mthumb -o "Src/main.o"
../Src/main.c: In function 'main':
../Src/main.c:141:9: warning: implicit declaration of function 'my_wait' [-Wimplicit-function-declaration]
  141 |         my_wait(100);
      |         ^~~~~~~
arm-none-eabi-gcc -gdwarf-2 -o "Drivers.elf" @"objects.list"   -mcpu=cortex-m3 -T"C:\Users\Younis\Desktop\Embedded-diploma-orig\Unit 7\Lesson 3\Drivers\STM32F103C6TX_FLASH.ld" --specs=nosys.specs -Wl,-Map="Drivers.map" -Wl,--gc-sections -static --specs=nano.specs -mfloat-abi=soft -mthumb -Wl,--start-group -lc -lm -Wl,--end-group
C:/ST/STM32CubeIDE_1.4.0/STM32CubeIDE/plugins/com.st.stm32cube.ide.mcu.externaltools.gnu-tools-for-stm32.12.3.rel1.win32_1.0.200.202406191623/tools/bin/../lib/gcc/arm-none-eabi/12.3.1/../../../../arm-none-eabi/bin/ld.exe: ./Stm32_F103C6_Drivers/Keyboard_Driver/Keypad.o:C:/Users/Younis/Desktop/Embedded-diploma-orig/Unit 7/Lesson 3/Drivers/Debug/../Stm32_F103C6_Drivers/Keyboard_Driver/Keypad.h:16: multiple definition of `PinCnfg'; ./Src/main.o:C:/Users/Younis/Desktop/Embedded-diploma-orig/Unit 7/Lesson 3/Drivers/Stm32_F103C6_Drivers/Keyboard_Driver/Keypad.h:16: first defined here
C:/ST/STM32CubeIDE_1.4.0/STM32CubeIDE/plugins/com.st.stm32cube.ide.mcu.externaltools.gnu-tools-for-stm32.12.3.rel1.win32_1.0.200.202406191623/tools/bin/../lib/gcc/arm-none-eabi/12.3.1/../../../../arm-none-eabi/bin/ld.exe: warning: Drivers.elf has a LOAD segment with RWX permissions
collect2.exe: error: ld returned 1 exit status
make: *** [makefile:66: Drivers.elf] Error 1
"make -j16 all" terminated with exit code 2. Build might be incomplete.
19:29:42 **** Incremental Build of configuration Debug for project Drivers ****
make -j16 all 
arm-none-eabi-gcc -gdwarf-2 "../Src/main.c" -mcpu=cortex-m3 -std=gnu11 -g3 -DSTM32 -DSTM32F1 -DSTM32F103C6Tx -DDEBUG -c -I"C:/Users/Younis/Desktop/Embedded-diploma-orig/Unit 7/Lesson 3/Drivers/Stm32_F103C6_Drivers/Keyboard_Driver" -I"C:/Users/Younis/Desktop/Embedded-diploma-orig/Unit 7/Lesson 3/Drivers/Stm32_F103C6_Drivers/LCD_Driver" -I"C:/Users/Younis/Desktop/Embedded-diploma-orig/Unit 7/Lesson 3/Drivers/Stm32_F103C6_Drivers/inc" -I"C:/Users/Younis/Desktop/Embedded-diploma-orig/Unit 7/Lesson 3/Drivers/Inc" -O0 -ffunction-sections -fdata-sections -Wall -fstack-usage -fcyclomatic-complexity -MMD -MP -MF"Src/main.d" -MT"Src/main.o" --specs=nano.specs -mfloat-abi=soft -mthumb -o "Src/main.o"
../Src/main.c: In function 'main':
../Src/main.c:141:9: warning: implicit declaration of function 'my_wait' [-Wimplicit-function-declaration]
  141 |         my_wait(100);
      |         ^~~~~~~
../Src/main.c:154:9: warning: implicit declaration of function 'Keypad_Init' [-Wimplicit-function-declaration]
  154 |         Keypad_Init();
      |         ^~~~~~~~~~~
../Src/main.c:162:31: warning: implicit declaration of function 'Keypad_GetChar' [-Wimplicit-function-declaration]
  162 |                 Pressed_Key = Keypad_GetChar();
      |                               ^~~~~~~~~~~~~~
arm-none-eabi-gcc -gdwarf-2 -o "Drivers.elf" @"objects.list"   -mcpu=cortex-m3 -T"C:\Users\Younis\Desktop\Embedded-diploma-orig\Unit 7\Lesson 3\Drivers\STM32F103C6TX_FLASH.ld" --specs=nosys.specs -Wl,-Map="Drivers.map" -Wl,--gc-sections -static --specs=nano.specs -mfloat-abi=soft -mthumb -Wl,--start-group -lc -lm -Wl,--end-group
C:/ST/STM32CubeIDE_1.4.0/STM32CubeIDE/plugins/com.st.stm32cube.ide.mcu.externaltools.gnu-tools-for-stm32.12.3.rel1.win32_1.0.200.202406191623/tools/bin/../lib/gcc/arm-none-eabi/12.3.1/../../../../arm-none-eabi/bin/ld.exe: warning: Drivers.elf has a LOAD segment with RWX permissions
Finished building target: Drivers.elf
 
arm-none-eabi-size  Drivers.elf 
arm-none-eabi-objdump -h -S Drivers.elf  > "Drivers.list"
   text	   data	    bss	    dec	    hex	filename
   3092	     56	   1568	   4716	   126c	Drivers.elf
Finished building: default.size.stdout
 
Finished building: Drivers.list
 
19:29:48 **** Incremental Build of configuration Debug for project Drivers ****
make -j16 all 
arm-none-eabi-gcc -gdwarf-2 "../Src/main.c" -mcpu=cortex-m3 -std=gnu11 -g3 -DSTM32 -DSTM32F1 -DSTM32F103C6Tx -DDEBUG -c -I"C:/Users/Younis/Desktop/Embedded-diploma-orig/Unit 7/Lesson 3/Drivers/Stm32_F103C6_Drivers/Keyboard_Driver" -I"C:/Users/Younis/Desktop/Embedded-diploma-orig/Unit 7/Lesson 3/Drivers/Stm32_F103C6_Drivers/LCD_Driver" -I"C:/Users/Younis/Desktop/Embedded-diploma-orig/Unit 7/Lesson 3/Drivers/Stm32_F103C6_Drivers/inc" -I"C:/Users/Younis/Desktop/Embedded-diploma-orig/Unit 7/Lesson 3/Drivers/Inc" -O0 -ffunction-sections -fdata-sections -Wall -fstack-usage -fcyclomatic-complexity -MMD -MP -MF"Src/main.d" -MT"Src/main.o" --specs=nano.specs -mfloat-abi=soft -mthumb -o "Src/main.o"
../Src/main.c: In function 'main':
../Src/main.c:136:9: warning: implicit declaration of function 'LCD_Init' [-Wimplicit-function-declaration]
  136 |         LCD_Init();
      |         ^~~~~~~~
../Src/main.c:140:9: warning: implicit declaration of function 'LCD_Write_String' [-Wimplicit-function-declaration]
  140 |         LCD_Write_String("Younis Tamer");
      |         ^~~~~~~~~~~~~~~~
../Src/main.c:141:9: warning: implicit declaration of function 'my_wait' [-Wimplicit-function-declaration]
  141 |         my_wait(100);
      |         ^~~~~~~
../Src/main.c:142:9: warning: implicit declaration of function 'LCD_Clear_Screen' [-Wimplicit-function-declaration]
  142 |         LCD_Clear_Screen();
      |         ^~~~~~~~~~~~~~~~
../Src/main.c:150:17: warning: implicit declaration of function 'LCD_Write_Char' [-Wimplicit-function-declaration]
  150 |                 LCD_Write_Char(lcd[i]);
      |                 ^~~~~~~~~~~~~~
../Src/main.c:154:9: warning: implicit declaration of function 'Keypad_Init' [-Wimplicit-function-declaration]
  154 |         Keypad_Init();
      |         ^~~~~~~~~~~
../Src/main.c:162:31: warning: implicit declaration of function 'Keypad_GetChar' [-Wimplicit-function-declaration]
  162 |                 Pressed_Key = Keypad_GetChar();
      |                               ^~~~~~~~~~~~~~
arm-none-eabi-gcc -gdwarf-2 -o "Drivers.elf" @"objects.list"   -mcpu=cortex-m3 -T"C:\Users\Younis\Desktop\Embedded-diploma-orig\Unit 7\Lesson 3\Drivers\STM32F103C6TX_FLASH.ld" --specs=nosys.specs -Wl,-Map="Drivers.map" -Wl,--gc-sections -static --specs=nano.specs -mfloat-abi=soft -mthumb -Wl,--start-group -lc -lm -Wl,--end-group
C:/ST/STM32CubeIDE_1.4.0/STM32CubeIDE/plugins/com.st.stm32cube.ide.mcu.externaltools.gnu-tools-for-stm32.12.3.rel1.win32_1.0.200.202406191623/tools/bin/../lib/gcc/arm-none-eabi/12.3.1/../../../../arm-none-eabi/bin/ld.exe: warning: Drivers.elf has a LOAD segment with RWX permissions
Finished building target: Drivers.elf
 
arm-none-eabi-size  Drivers.elf 
arm-none-eabi-objdump -h -S Drivers.elf  > "Drivers.list"
   text	   data	    bss	    dec	    hex	filename
   3092	     56	   1568	   4716	   126c	Drivers.elf
Finished building: default.size.stdout
 
Finished building: Drivers.list
 
19:29:53 **** Incremental Build of configuration Debug for project Drivers ****
make -j16 all 
arm-none-eabi-gcc -gdwarf-2 "../Src/main.c" -mcpu=cortex-m3 -std=gnu11 -g3 -DSTM32 -DSTM32F1 -DSTM32F103C6Tx -DDEBUG -c -I"C:/Users/Younis/Desktop/Embedded-diploma-orig/Unit 7/Lesson 3/Drivers/Stm32_F103C6_Drivers/Keyboard_Driver" -I"C:/Users/Younis/Desktop/Embedded-diploma-orig/Unit 7/Lesson 3/Drivers/Stm32_F103C6_Drivers/LCD_Driver" -I"C:/Users/Younis/Desktop/Embedded-diploma-orig/Unit 7/Lesson 3/Drivers/Stm32_F103C6_Drivers/inc" -I"C:/Users/Younis/Desktop/Embedded-diploma-orig/Unit 7/Lesson 3/Drivers/Inc" -O0 -ffunction-sections -fdata-sections -Wall -fstack-usage -fcyclomatic-complexity -MMD -MP -MF"Src/main.d" -MT"Src/main.o" --specs=nano.specs -mfloat-abi=soft -mthumb -o "Src/main.o"
../Src/main.c: In function 'main':
../Src/main.c:141:9: warning: implicit declaration of function 'my_wait' [-Wimplicit-function-declaration]
  141 |         my_wait(100);
      |         ^~~~~~~
arm-none-eabi-gcc -gdwarf-2 -o "Drivers.elf" @"objects.list"   -mcpu=cortex-m3 -T"C:\Users\Younis\Desktop\Embedded-diploma-orig\Unit 7\Lesson 3\Drivers\STM32F103C6TX_FLASH.ld" --specs=nosys.specs -Wl,-Map="Drivers.map" -Wl,--gc-sections -static --specs=nano.specs -mfloat-abi=soft -mthumb -Wl,--start-group -lc -lm -Wl,--end-group
C:/ST/STM32CubeIDE_1.4.0/STM32CubeIDE/plugins/com.st.stm32cube.ide.mcu.externaltools.gnu-tools-for-stm32.12.3.rel1.win32_1.0.200.202406191623/tools/bin/../lib/gcc/arm-none-eabi/12.3.1/../../../../arm-none-eabi/bin/ld.exe: ./Stm32_F103C6_Drivers/Keyboard_Driver/Keypad.o:C:/Users/Younis/Desktop/Embedded-diploma-orig/Unit 7/Lesson 3/Drivers/Debug/../Stm32_F103C6_Drivers/Keyboard_Driver/Keypad.h:16: multiple definition of `PinCnfg'; ./Src/main.o:C:/Users/Younis/Desktop/Embedded-diploma-orig/Unit 7/Lesson 3/Drivers/Stm32_F103C6_Drivers/Keyboard_Driver/Keypad.h:16: first defined here
C:/ST/STM32CubeIDE_1.4.0/STM32CubeIDE/plugins/com.st.stm32cube.ide.mcu.externaltools.gnu-tools-for-stm32.12.3.rel1.win32_1.0.200.202406191623/tools/bin/../lib/gcc/arm-none-eabi/12.3.1/../../../../arm-none-eabi/bin/ld.exe: warning: Drivers.elf has a LOAD segment with RWX permissions
collect2.exe: error: ld returned 1 exit status
make: *** [makefile:66: Drivers.elf] Error 1
"make -j16 all" terminated with exit code 2. Build might be incomplete.
19:30:08 **** Incremental Build of configuration Debug for project Drivers ****
make -j16 all 
arm-none-eabi-gcc -gdwarf-2 "../Src/main.c" -mcpu=cortex-m3 -std=gnu11 -g3 -DSTM32 -DSTM32F1 -DSTM32F103C6Tx -DDEBUG -c -I"C:/Users/Younis/Desktop/Embedded-diploma-orig/Unit 7/Lesson 3/Drivers/Stm32_F103C6_Drivers/Keyboard_Driver" -I"C:/Users/Younis/Desktop/Embedded-diploma-orig/Unit 7/Lesson 3/Drivers/Stm32_F103C6_Drivers/LCD_Driver" -I"C:/Users/Younis/Desktop/Embedded-diploma-orig/Unit 7/Lesson 3/Drivers/Stm32_F103C6_Drivers/inc" -I"C:/Users/Younis/Desktop/Embedded-diploma-orig/Unit 7/Lesson 3/Drivers/Inc" -O0 -ffunction-sections -fdata-sections -Wall -fstack-usage -fcyclomatic-complexity -MMD -MP -MF"Src/main.d" -MT"Src/main.o" --specs=nano.specs -mfloat-abi=soft -mthumb -o "Src/main.o"
../Src/main.c: In function 'main':
../Src/main.c:136:9: warning: implicit declaration of function 'LCD_Init' [-Wimplicit-function-declaration]
  136 |         LCD_Init();
      |         ^~~~~~~~
../Src/main.c:140:9: warning: implicit declaration of function 'LCD_Write_String' [-Wimplicit-function-declaration]
  140 |         LCD_Write_String("Younis Tamer");
      |         ^~~~~~~~~~~~~~~~
../Src/main.c:141:9: warning: implicit declaration of function 'my_wait' [-Wimplicit-function-declaration]
  141 |         my_wait(100);
      |         ^~~~~~~
../Src/main.c:142:9: warning: implicit declaration of function 'LCD_Clear_Screen' [-Wimplicit-function-declaration]
  142 |         LCD_Clear_Screen();
      |         ^~~~~~~~~~~~~~~~
../Src/main.c:150:17: warning: implicit declaration of function 'LCD_Write_Char' [-Wimplicit-function-declaration]
  150 |                 LCD_Write_Char(lcd[i]);
      |                 ^~~~~~~~~~~~~~
../Src/main.c:154:9: warning: implicit declaration of function 'Keypad_Init' [-Wimplicit-function-declaration]
  154 |         Keypad_Init();
      |         ^~~~~~~~~~~
../Src/main.c:162:31: warning: implicit declaration of function 'Keypad_GetChar' [-Wimplicit-function-declaration]
  162 |                 Pressed_Key = Keypad_GetChar();
      |                               ^~~~~~~~~~~~~~
arm-none-eabi-gcc -gdwarf-2 -o "Drivers.elf" @"objects.list"   -mcpu=cortex-m3 -T"C:\Users\Younis\Desktop\Embedded-diploma-orig\Unit 7\Lesson 3\Drivers\STM32F103C6TX_FLASH.ld" --specs=nosys.specs -Wl,-Map="Drivers.map" -Wl,--gc-sections -static --specs=nano.specs -mfloat-abi=soft -mthumb -Wl,--start-group -lc -lm -Wl,--end-group
C:/ST/STM32CubeIDE_1.4.0/STM32CubeIDE/plugins/com.st.stm32cube.ide.mcu.externaltools.gnu-tools-for-stm32.12.3.rel1.win32_1.0.200.202406191623/tools/bin/../lib/gcc/arm-none-eabi/12.3.1/../../../../arm-none-eabi/bin/ld.exe: warning: Drivers.elf has a LOAD segment with RWX permissions
Finished building target: Drivers.elf
 
arm-none-eabi-size  Drivers.elf 
arm-none-eabi-objdump -h -S Drivers.elf  > "Drivers.list"
   text	   data	    bss	    dec	    hex	filename
   3092	     56	   1568	   4716	   126c	Drivers.elf
Finished building: default.size.stdout
 
Finished building: Drivers.list
 
19:30:26 **** Incremental Build of configuration Debug for project Drivers ****
make -j16 all 
arm-none-eabi-gcc -gdwarf-2 "../Stm32_F103C6_Drivers/LCD_Driver/LCD.c" -mcpu=cortex-m3 -std=gnu11 -g3 -DSTM32 -DSTM32F1 -DSTM32F103C6Tx -DDEBUG -c -I"C:/Users/Younis/Desktop/Embedded-diploma-orig/Unit 7/Lesson 3/Drivers/Stm32_F103C6_Drivers/Keyboard_Driver" -I"C:/Users/Younis/Desktop/Embedded-diploma-orig/Unit 7/Lesson 3/Drivers/Stm32_F103C6_Drivers/LCD_Driver" -I"C:/Users/Younis/Desktop/Embedded-diploma-orig/Unit 7/Lesson 3/Drivers/Stm32_F103C6_Drivers/inc" -I"C:/Users/Younis/Desktop/Embedded-diploma-orig/Unit 7/Lesson 3/Drivers/Inc" -O0 -ffunction-sections -fdata-sections -Wall -fstack-usage -fcyclomatic-complexity -MMD -MP -MF"Stm32_F103C6_Drivers/LCD_Driver/LCD.d" -MT"Stm32_F103C6_Drivers/LCD_Driver/LCD.o" --specs=nano.specs -mfloat-abi=soft -mthumb -o "Stm32_F103C6_Drivers/LCD_Driver/LCD.o"
arm-none-eabi-gcc -gdwarf-2 -o "Drivers.elf" @"objects.list"   -mcpu=cortex-m3 -T"C:\Users\Younis\Desktop\Embedded-diploma-orig\Unit 7\Lesson 3\Drivers\STM32F103C6TX_FLASH.ld" --specs=nosys.specs -Wl,-Map="Drivers.map" -Wl,--gc-sections -static --specs=nano.specs -mfloat-abi=soft -mthumb -Wl,--start-group -lc -lm -Wl,--end-group
C:/ST/STM32CubeIDE_1.4.0/STM32CubeIDE/plugins/com.st.stm32cube.ide.mcu.externaltools.gnu-tools-for-stm32.12.3.rel1.win32_1.0.200.202406191623/tools/bin/../lib/gcc/arm-none-eabi/12.3.1/../../../../arm-none-eabi/bin/ld.exe: ./Stm32_F103C6_Drivers/LCD_Driver/LCD.o:C:/Users/Younis/Desktop/Embedded-diploma-orig/Unit 7/Lesson 3/Drivers/Debug/../Stm32_F103C6_Drivers/LCD_Driver/LCD.h:15: multiple definition of `PinCnfg'; ./Stm32_F103C6_Drivers/Keyboard_Driver/Keypad.o:C:/Users/Younis/Desktop/Embedded-diploma-orig/Unit 7/Lesson 3/Drivers/Debug/../Stm32_F103C6_Drivers/Keyboard_Driver/Keypad.h:16: first defined here
C:/ST/STM32CubeIDE_1.4.0/STM32CubeIDE/plugins/com.st.stm32cube.ide.mcu.externaltools.gnu-tools-for-stm32.12.3.rel1.win32_1.0.200.202406191623/tools/bin/../lib/gcc/arm-none-eabi/12.3.1/../../../../arm-none-eabi/bin/ld.exe: warning: Drivers.elf has a LOAD segment with RWX permissions
collect2.exe: error: ld returned 1 exit status
make: *** [makefile:66: Drivers.elf] Error 1
"make -j16 all" terminated with exit code 2. Build might be incomplete.
19:30:33 **** Incremental Build of configuration Debug for project Drivers ****
make -j16 all 
arm-none-eabi-gcc -gdwarf-2 "../Stm32_F103C6_Drivers/LCD_Driver/LCD.c" -mcpu=cortex-m3 -std=gnu11 -g3 -DSTM32 -DSTM32F1 -DSTM32F103C6Tx -DDEBUG -c -I"C:/Users/Younis/Desktop/Embedded-diploma-orig/Unit 7/Lesson 3/Drivers/Stm32_F103C6_Drivers/Keyboard_Driver" -I"C:/Users/Younis/Desktop/Embedded-diploma-orig/Unit 7/Lesson 3/Drivers/Stm32_F103C6_Drivers/LCD_Driver" -I"C:/Users/Younis/Desktop/Embedded-diploma-orig/Unit 7/Lesson 3/Drivers/Stm32_F103C6_Drivers/inc" -I"C:/Users/Younis/Desktop/Embedded-diploma-orig/Unit 7/Lesson 3/Drivers/Inc" -O0 -ffunction-sections -fdata-sections -Wall -fstack-usage -fcyclomatic-complexity -MMD -MP -MF"Stm32_F103C6_Drivers/LCD_Driver/LCD.d" -MT"Stm32_F103C6_Drivers/LCD_Driver/LCD.o" --specs=nano.specs -mfloat-abi=soft -mthumb -o "Stm32_F103C6_Drivers/LCD_Driver/LCD.o"
arm-none-eabi-gcc -gdwarf-2 -o "Drivers.elf" @"objects.list"   -mcpu=cortex-m3 -T"C:\Users\Younis\Desktop\Embedded-diploma-orig\Unit 7\Lesson 3\Drivers\STM32F103C6TX_FLASH.ld" --specs=nosys.specs -Wl,-Map="Drivers.map" -Wl,--gc-sections -static --specs=nano.specs -mfloat-abi=soft -mthumb -Wl,--start-group -lc -lm -Wl,--end-group
C:/ST/STM32CubeIDE_1.4.0/STM32CubeIDE/plugins/com.st.stm32cube.ide.mcu.externaltools.gnu-tools-for-stm32.12.3.rel1.win32_1.0.200.202406191623/tools/bin/../lib/gcc/arm-none-eabi/12.3.1/../../../../arm-none-eabi/bin/ld.exe: warning: Drivers.elf has a LOAD segment with RWX permissions
Finished building target: Drivers.elf
 
arm-none-eabi-size  Drivers.elf 
arm-none-eabi-objdump -h -S Drivers.elf  > "Drivers.list"
   text	   data	    bss	    dec	    hex	filename
   3092	     56	   1568	   4716	   126c	Drivers.elf
Finished building: default.size.stdout
 
Finished building: Drivers.list
 
19:30:40 **** Incremental Build of configuration Debug for project Drivers ****
make -j16 all 
arm-none-eabi-gcc -gdwarf-2 "../Stm32_F103C6_Drivers/Keyboard_Driver/Keypad.c" -mcpu=cortex-m3 -std=gnu11 -g3 -DSTM32 -DSTM32F1 -DSTM32F103C6Tx -DDEBUG -c -I"C:/Users/Younis/Desktop/Embedded-diploma-orig/Unit 7/Lesson 3/Drivers/Stm32_F103C6_Drivers/Keyboard_Driver" -I"C:/Users/Younis/Desktop/Embedded-diploma-orig/Unit 7/Lesson 3/Drivers/Stm32_F103C6_Drivers/LCD_Driver" -I"C:/Users/Younis/Desktop/Embedded-diploma-orig/Unit 7/Lesson 3/Drivers/Stm32_F103C6_Drivers/inc" -I"C:/Users/Younis/Desktop/Embedded-diploma-orig/Unit 7/Lesson 3/Drivers/Inc" -O0 -ffunction-sections -fdata-sections -Wall -fstack-usage -fcyclomatic-complexity -MMD -MP -MF"Stm32_F103C6_Drivers/Keyboard_Driver/Keypad.d" -MT"Stm32_F103C6_Drivers/Keyboard_Driver/Keypad.o" --specs=nano.specs -mfloat-abi=soft -mthumb -o "Stm32_F103C6_Drivers/Keyboard_Driver/Keypad.o"
arm-none-eabi-gcc -gdwarf-2 -o "Drivers.elf" @"objects.list"   -mcpu=cortex-m3 -T"C:\Users\Younis\Desktop\Embedded-diploma-orig\Unit 7\Lesson 3\Drivers\STM32F103C6TX_FLASH.ld" --specs=nosys.specs -Wl,-Map="Drivers.map" -Wl,--gc-sections -static --specs=nano.specs -mfloat-abi=soft -mthumb -Wl,--start-group -lc -lm -Wl,--end-group
C:/ST/STM32CubeIDE_1.4.0/STM32CubeIDE/plugins/com.st.stm32cube.ide.mcu.externaltools.gnu-tools-for-stm32.12.3.rel1.win32_1.0.200.202406191623/tools/bin/../lib/gcc/arm-none-eabi/12.3.1/../../../../arm-none-eabi/bin/ld.exe: warning: Drivers.elf has a LOAD segment with RWX permissions
C:/ST/STM32CubeIDE_1.4.0/STM32CubeIDE/plugins/com.st.stm32cube.ide.mcu.externaltools.gnu-tools-for-stm32.12.3.rel1.win32_1.0.200.202406191623/tools/bin/../lib/gcc/arm-none-eabi/12.3.1/../../../../arm-none-eabi/bin/ld.exe: ./Stm32_F103C6_Drivers/Keyboard_Driver/Keypad.o: in function `Keypad_Init':
C:/Users/Younis/Desktop/Embedded-diploma-orig/Unit 7/Lesson 3/Drivers/Debug/../Stm32_F103C6_Drivers/Keyboard_Driver/Keypad.c:63: undefined reference to `PinCnfg'
C:/ST/STM32CubeIDE_1.4.0/STM32CubeIDE/plugins/com.st.stm32cube.ide.mcu.externaltools.gnu-tools-for-stm32.12.3.rel1.win32_1.0.200.202406191623/tools/bin/../lib/gcc/arm-none-eabi/12.3.1/../../../../arm-none-eabi/bin/ld.exe: ./Stm32_F103C6_Drivers/LCD_Driver/LCD.o: in function `LCD_Init':
C:/Users/Younis/Desktop/Embedded-diploma-orig/Unit 7/Lesson 3/Drivers/Debug/../Stm32_F103C6_Drivers/LCD_Driver/LCD.c:144: undefined reference to `PinCnfg'
collect2.exe: error: ld returned 1 exit status
make: *** [makefile:66: Drivers.elf] Error 1
"make -j16 all" terminated with exit code 2. Build might be incomplete.
19:30:45 **** Incremental Build of configuration Debug for project Drivers ****
make -j16 all 
arm-none-eabi-gcc -gdwarf-2 "../Stm32_F103C6_Drivers/Keyboard_Driver/Keypad.c" -mcpu=cortex-m3 -std=gnu11 -g3 -DSTM32 -DSTM32F1 -DSTM32F103C6Tx -DDEBUG -c -I"C:/Users/Younis/Desktop/Embedded-diploma-orig/Unit 7/Lesson 3/Drivers/Stm32_F103C6_Drivers/Keyboard_Driver" -I"C:/Users/Younis/Desktop/Embedded-diploma-orig/Unit 7/Lesson 3/Drivers/Stm32_F103C6_Drivers/LCD_Driver" -I"C:/Users/Younis/Desktop/Embedded-diploma-orig/Unit 7/Lesson 3/Drivers/Stm32_F103C6_Drivers/inc" -I"C:/Users/Younis/Desktop/Embedded-diploma-orig/Unit 7/Lesson 3/Drivers/Inc" -O0 -ffunction-sections -fdata-sections -Wall -fstack-usage -fcyclomatic-complexity -MMD -MP -MF"Stm32_F103C6_Drivers/Keyboard_Driver/Keypad.d" -MT"Stm32_F103C6_Drivers/Keyboard_Driver/Keypad.o" --specs=nano.specs -mfloat-abi=soft -mthumb -o "Stm32_F103C6_Drivers/Keyboard_Driver/Keypad.o"
arm-none-eabi-gcc -gdwarf-2 -o "Drivers.elf" @"objects.list"   -mcpu=cortex-m3 -T"C:\Users\Younis\Desktop\Embedded-diploma-orig\Unit 7\Lesson 3\Drivers\STM32F103C6TX_FLASH.ld" --specs=nosys.specs -Wl,-Map="Drivers.map" -Wl,--gc-sections -static --specs=nano.specs -mfloat-abi=soft -mthumb -Wl,--start-group -lc -lm -Wl,--end-group
C:/ST/STM32CubeIDE_1.4.0/STM32CubeIDE/plugins/com.st.stm32cube.ide.mcu.externaltools.gnu-tools-for-stm32.12.3.rel1.win32_1.0.200.202406191623/tools/bin/../lib/gcc/arm-none-eabi/12.3.1/../../../../arm-none-eabi/bin/ld.exe: warning: Drivers.elf has a LOAD segment with RWX permissions
Finished building target: Drivers.elf
 
arm-none-eabi-size  Drivers.elf 
arm-none-eabi-objdump -h -S Drivers.elf  > "Drivers.list"
   text	   data	    bss	    dec	    hex	filename
   3092	     56	   1568	   4716	   126c	Drivers.elf
Finished building: default.size.stdout
 
Finished building: Drivers.list
 
19:30:52 **** Incremental Build of configuration Debug for project Drivers ****
make -j16 all 
arm-none-eabi-gcc -gdwarf-2 "../Src/main.c" -mcpu=cortex-m3 -std=gnu11 -g3 -DSTM32 -DSTM32F1 -DSTM32F103C6Tx -DDEBUG -c -I"C:/Users/Younis/Desktop/Embedded-diploma-orig/Unit 7/Lesson 3/Drivers/Stm32_F103C6_Drivers/Keyboard_Driver" -I"C:/Users/Younis/Desktop/Embedded-diploma-orig/Unit 7/Lesson 3/Drivers/Stm32_F103C6_Drivers/LCD_Driver" -I"C:/Users/Younis/Desktop/Embedded-diploma-orig/Unit 7/Lesson 3/Drivers/Stm32_F103C6_Drivers/inc" -I"C:/Users/Younis/Desktop/Embedded-diploma-orig/Unit 7/Lesson 3/Drivers/Inc" -O0 -ffunction-sections -fdata-sections -Wall -fstack-usage -fcyclomatic-complexity -MMD -MP -MF"Src/main.d" -MT"Src/main.o" --specs=nano.specs -mfloat-abi=soft -mthumb -o "Src/main.o"
../Src/main.c: In function 'main':
../Src/main.c:141:9: warning: implicit declaration of function 'my_wait' [-Wimplicit-function-declaration]
  141 |         my_wait(100);
      |         ^~~~~~~
arm-none-eabi-gcc -gdwarf-2 -o "Drivers.elf" @"objects.list"   -mcpu=cortex-m3 -T"C:\Users\Younis\Desktop\Embedded-diploma-orig\Unit 7\Lesson 3\Drivers\STM32F103C6TX_FLASH.ld" --specs=nosys.specs -Wl,-Map="Drivers.map" -Wl,--gc-sections -static --specs=nano.specs -mfloat-abi=soft -mthumb -Wl,--start-group -lc -lm -Wl,--end-group
C:/ST/STM32CubeIDE_1.4.0/STM32CubeIDE/plugins/com.st.stm32cube.ide.mcu.externaltools.gnu-tools-for-stm32.12.3.rel1.win32_1.0.200.202406191623/tools/bin/../lib/gcc/arm-none-eabi/12.3.1/../../../../arm-none-eabi/bin/ld.exe: ./Stm32_F103C6_Drivers/Keyboard_Driver/Keypad.o:C:/Users/Younis/Desktop/Embedded-diploma-orig/Unit 7/Lesson 3/Drivers/Debug/../Stm32_F103C6_Drivers/Keyboard_Driver/Keypad.h:16: multiple definition of `PinCnfg'; ./Src/main.o:C:/Users/Younis/Desktop/Embedded-diploma-orig/Unit 7/Lesson 3/Drivers/Stm32_F103C6_Drivers/Keyboard_Driver/Keypad.h:16: first defined here
C:/ST/STM32CubeIDE_1.4.0/STM32CubeIDE/plugins/com.st.stm32cube.ide.mcu.externaltools.gnu-tools-for-stm32.12.3.rel1.win32_1.0.200.202406191623/tools/bin/../lib/gcc/arm-none-eabi/12.3.1/../../../../arm-none-eabi/bin/ld.exe: warning: Drivers.elf has a LOAD segment with RWX permissions
collect2.exe: error: ld returned 1 exit status
make: *** [makefile:66: Drivers.elf] Error 1
"make -j16 all" terminated with exit code 2. Build might be incomplete.
19:31:53 **** Incremental Build of configuration Debug for project Drivers ****
make -j16 all 
arm-none-eabi-gcc -gdwarf-2 "../Src/main.c" -mcpu=cortex-m3 -std=gnu11 -g3 -DSTM32 -DSTM32F1 -DSTM32F103C6Tx -DDEBUG -c -I"C:/Users/Younis/Desktop/Embedded-diploma-orig/Unit 7/Lesson 3/Drivers/Stm32_F103C6_Drivers/Keyboard_Driver" -I"C:/Users/Younis/Desktop/Embedded-diploma-orig/Unit 7/Lesson 3/Drivers/Stm32_F103C6_Drivers/LCD_Driver" -I"C:/Users/Younis/Desktop/Embedded-diploma-orig/Unit 7/Lesson 3/Drivers/Stm32_F103C6_Drivers/inc" -I"C:/Users/Younis/Desktop/Embedded-diploma-orig/Unit 7/Lesson 3/Drivers/Inc" -O0 -ffunction-sections -fdata-sections -Wall -fstack-usage -fcyclomatic-complexity -MMD -MP -MF"Src/main.d" -MT"Src/main.o" --specs=nano.specs -mfloat-abi=soft -mthumb -o "Src/main.o"
../Src/main.c: In function 'main':
../Src/main.c:136:9: warning: implicit declaration of function 'LCD_Init' [-Wimplicit-function-declaration]
  136 |         LCD_Init();
      |         ^~~~~~~~
../Src/main.c:140:9: warning: implicit declaration of function 'LCD_Write_String' [-Wimplicit-function-declaration]
  140 |         LCD_Write_String("Younis Tamer");
      |         ^~~~~~~~~~~~~~~~
../Src/main.c:141:9: warning: implicit declaration of function 'my_wait' [-Wimplicit-function-declaration]
  141 |         my_wait(100);
      |         ^~~~~~~
../Src/main.c:142:9: warning: implicit declaration of function 'LCD_Clear_Screen' [-Wimplicit-function-declaration]
  142 |         LCD_Clear_Screen();
      |         ^~~~~~~~~~~~~~~~
../Src/main.c:150:17: warning: implicit declaration of function 'LCD_Write_Char' [-Wimplicit-function-declaration]
  150 |                 LCD_Write_Char(lcd[i]);
      |                 ^~~~~~~~~~~~~~
arm-none-eabi-gcc -gdwarf-2 -o "Drivers.elf" @"objects.list"   -mcpu=cortex-m3 -T"C:\Users\Younis\Desktop\Embedded-diploma-orig\Unit 7\Lesson 3\Drivers\STM32F103C6TX_FLASH.ld" --specs=nosys.specs -Wl,-Map="Drivers.map" -Wl,--gc-sections -static --specs=nano.specs -mfloat-abi=soft -mthumb -Wl,--start-group -lc -lm -Wl,--end-group
C:/ST/STM32CubeIDE_1.4.0/STM32CubeIDE/plugins/com.st.stm32cube.ide.mcu.externaltools.gnu-tools-for-stm32.12.3.rel1.win32_1.0.200.202406191623/tools/bin/../lib/gcc/arm-none-eabi/12.3.1/../../../../arm-none-eabi/bin/ld.exe: ./Stm32_F103C6_Drivers/Keyboard_Driver/Keypad.o:C:/Users/Younis/Desktop/Embedded-diploma-orig/Unit 7/Lesson 3/Drivers/Debug/../Stm32_F103C6_Drivers/Keyboard_Driver/Keypad.h:16: multiple definition of `PinCnfg'; ./Src/main.o:C:/Users/Younis/Desktop/Embedded-diploma-orig/Unit 7/Lesson 3/Drivers/Stm32_F103C6_Drivers/Keyboard_Driver/Keypad.h:16: first defined here
C:/ST/STM32CubeIDE_1.4.0/STM32CubeIDE/plugins/com.st.stm32cube.ide.mcu.externaltools.gnu-tools-for-stm32.12.3.rel1.win32_1.0.200.202406191623/tools/bin/../lib/gcc/arm-none-eabi/12.3.1/../../../../arm-none-eabi/bin/ld.exe: warning: Drivers.elf has a LOAD segment with RWX permissions
collect2.exe: error: ld returned 1 exit status
make: *** [makefile:66: Drivers.elf] Error 1
"make -j16 all" terminated with exit code 2. Build might be incomplete.
19:31:59 **** Incremental Build of configuration Debug for project Drivers ****
make -j16 all 
arm-none-eabi-gcc -gdwarf-2 "../Src/main.c" -mcpu=cortex-m3 -std=gnu11 -g3 -DSTM32 -DSTM32F1 -DSTM32F103C6Tx -DDEBUG -c -I"C:/Users/Younis/Desktop/Embedded-diploma-orig/Unit 7/Lesson 3/Drivers/Stm32_F103C6_Drivers/Keyboard_Driver" -I"C:/Users/Younis/Desktop/Embedded-diploma-orig/Unit 7/Lesson 3/Drivers/Stm32_F103C6_Drivers/LCD_Driver" -I"C:/Users/Younis/Desktop/Embedded-diploma-orig/Unit 7/Lesson 3/Drivers/Stm32_F103C6_Drivers/inc" -I"C:/Users/Younis/Desktop/Embedded-diploma-orig/Unit 7/Lesson 3/Drivers/Inc" -O0 -ffunction-sections -fdata-sections -Wall -fstack-usage -fcyclomatic-complexity -MMD -MP -MF"Src/main.d" -MT"Src/main.o" --specs=nano.specs -mfloat-abi=soft -mthumb -o "Src/main.o"
../Src/main.c: In function 'main':
../Src/main.c:141:9: warning: implicit declaration of function 'my_wait' [-Wimplicit-function-declaration]
  141 |         my_wait(100);
      |         ^~~~~~~
../Src/main.c:154:9: warning: implicit declaration of function 'Keypad_Init' [-Wimplicit-function-declaration]
  154 |         Keypad_Init();
      |         ^~~~~~~~~~~
../Src/main.c:162:31: warning: implicit declaration of function 'Keypad_GetChar' [-Wimplicit-function-declaration]
  162 |                 Pressed_Key = Keypad_GetChar();
      |                               ^~~~~~~~~~~~~~
arm-none-eabi-gcc -gdwarf-2 -o "Drivers.elf" @"objects.list"   -mcpu=cortex-m3 -T"C:\Users\Younis\Desktop\Embedded-diploma-orig\Unit 7\Lesson 3\Drivers\STM32F103C6TX_FLASH.ld" --specs=nosys.specs -Wl,-Map="Drivers.map" -Wl,--gc-sections -static --specs=nano.specs -mfloat-abi=soft -mthumb -Wl,--start-group -lc -lm -Wl,--end-group
C:/ST/STM32CubeIDE_1.4.0/STM32CubeIDE/plugins/com.st.stm32cube.ide.mcu.externaltools.gnu-tools-for-stm32.12.3.rel1.win32_1.0.200.202406191623/tools/bin/../lib/gcc/arm-none-eabi/12.3.1/../../../../arm-none-eabi/bin/ld.exe: warning: Drivers.elf has a LOAD segment with RWX permissions
Finished building target: Drivers.elf
 
arm-none-eabi-size  Drivers.elf 
arm-none-eabi-objdump -h -S Drivers.elf  > "Drivers.list"
   text	   data	    bss	    dec	    hex	filename
   3092	     56	   1568	   4716	   126c	Drivers.elf
Finished building: default.size.stdout
 
Finished building: Drivers.list
 
19:32:13 **** Incremental Build of configuration Debug for project Drivers ****
make -j16 all 
arm-none-eabi-gcc -gdwarf-2 "../Stm32_F103C6_Drivers/LCD_Driver/LCD.c" -mcpu=cortex-m3 -std=gnu11 -g3 -DSTM32 -DSTM32F1 -DSTM32F103C6Tx -DDEBUG -c -I"C:/Users/Younis/Desktop/Embedded-diploma-orig/Unit 7/Lesson 3/Drivers/Stm32_F103C6_Drivers/Keyboard_Driver" -I"C:/Users/Younis/Desktop/Embedded-diploma-orig/Unit 7/Lesson 3/Drivers/Stm32_F103C6_Drivers/LCD_Driver" -I"C:/Users/Younis/Desktop/Embedded-diploma-orig/Unit 7/Lesson 3/Drivers/Stm32_F103C6_Drivers/inc" -I"C:/Users/Younis/Desktop/Embedded-diploma-orig/Unit 7/Lesson 3/Drivers/Inc" -O0 -ffunction-sections -fdata-sections -Wall -fstack-usage -fcyclomatic-complexity -MMD -MP -MF"Stm32_F103C6_Drivers/LCD_Driver/LCD.d" -MT"Stm32_F103C6_Drivers/LCD_Driver/LCD.o" --specs=nano.specs -mfloat-abi=soft -mthumb -o "Stm32_F103C6_Drivers/LCD_Driver/LCD.o"
arm-none-eabi-gcc -gdwarf-2 "../Src/main.c" -mcpu=cortex-m3 -std=gnu11 -g3 -DSTM32 -DSTM32F1 -DSTM32F103C6Tx -DDEBUG -c -I"C:/Users/Younis/Desktop/Embedded-diploma-orig/Unit 7/Lesson 3/Drivers/Stm32_F103C6_Drivers/Keyboard_Driver" -I"C:/Users/Younis/Desktop/Embedded-diploma-orig/Unit 7/Lesson 3/Drivers/Stm32_F103C6_Drivers/LCD_Driver" -I"C:/Users/Younis/Desktop/Embedded-diploma-orig/Unit 7/Lesson 3/Drivers/Stm32_F103C6_Drivers/inc" -I"C:/Users/Younis/Desktop/Embedded-diploma-orig/Unit 7/Lesson 3/Drivers/Inc" -O0 -ffunction-sections -fdata-sections -Wall -fstack-usage -fcyclomatic-complexity -MMD -MP -MF"Src/main.d" -MT"Src/main.o" --specs=nano.specs -mfloat-abi=soft -mthumb -o "Src/main.o"
../Src/main.c: In function 'main':
../Src/main.c:141:9: warning: implicit declaration of function 'my_wait' [-Wimplicit-function-declaration]
  141 |         my_wait(100);
      |         ^~~~~~~
arm-none-eabi-gcc -gdwarf-2 -o "Drivers.elf" @"objects.list"   -mcpu=cortex-m3 -T"C:\Users\Younis\Desktop\Embedded-diploma-orig\Unit 7\Lesson 3\Drivers\STM32F103C6TX_FLASH.ld" --specs=nosys.specs -Wl,-Map="Drivers.map" -Wl,--gc-sections -static --specs=nano.specs -mfloat-abi=soft -mthumb -Wl,--start-group -lc -lm -Wl,--end-group
C:/ST/STM32CubeIDE_1.4.0/STM32CubeIDE/plugins/com.st.stm32cube.ide.mcu.externaltools.gnu-tools-for-stm32.12.3.rel1.win32_1.0.200.202406191623/tools/bin/../lib/gcc/arm-none-eabi/12.3.1/../../../../arm-none-eabi/bin/ld.exe: ./Stm32_F103C6_Drivers/Keyboard_Driver/Keypad.o:C:/Users/Younis/Desktop/Embedded-diploma-orig/Unit 7/Lesson 3/Drivers/Debug/../Stm32_F103C6_Drivers/Keyboard_Driver/Keypad.h:16: multiple definition of `PinCnfg'; ./Src/main.o:C:/Users/Younis/Desktop/Embedded-diploma-orig/Unit 7/Lesson 3/Drivers/Stm32_F103C6_Drivers/Keyboard_Driver/Keypad.h:16: first defined here
C:/ST/STM32CubeIDE_1.4.0/STM32CubeIDE/plugins/com.st.stm32cube.ide.mcu.externaltools.gnu-tools-for-stm32.12.3.rel1.win32_1.0.200.202406191623/tools/bin/../lib/gcc/arm-none-eabi/12.3.1/../../../../arm-none-eabi/bin/ld.exe: ./Stm32_F103C6_Drivers/LCD_Driver/LCD.o:C:/Users/Younis/Desktop/Embedded-diploma-orig/Unit 7/Lesson 3/Drivers/Debug/../Stm32_F103C6_Drivers/LCD_Driver/LCD.h:15: multiple definition of `PinCnfg'; ./Src/main.o:C:/Users/Younis/Desktop/Embedded-diploma-orig/Unit 7/Lesson 3/Drivers/Stm32_F103C6_Drivers/Keyboard_Driver/Keypad.h:16: first defined here
C:/ST/STM32CubeIDE_1.4.0/STM32CubeIDE/plugins/com.st.stm32cube.ide.mcu.externaltools.gnu-tools-for-stm32.12.3.rel1.win32_1.0.200.202406191623/tools/bin/../lib/gcc/arm-none-eabi/12.3.1/../../../../arm-none-eabi/bin/ld.exe: warning: Drivers.elf has a LOAD segment with RWX permissions
collect2.exe: error: ld returned 1 exit status
make: *** [makefile:66: Drivers.elf] Error 1
"make -j16 all" terminated with exit code 2. Build might be incomplete.
19:33:12 **** Incremental Build of configuration Debug for project Drivers ****
make -j16 all 
arm-none-eabi-gcc -gdwarf-2 "../Stm32_F103C6_Drivers/LCD_Driver/LCD.c" -mcpu=cortex-m3 -std=gnu11 -g3 -DSTM32 -DSTM32F1 -DSTM32F103C6Tx -DDEBUG -c -I"C:/Users/Younis/Desktop/Embedded-diploma-orig/Unit 7/Lesson 3/Drivers/Stm32_F103C6_Drivers/Keyboard_Driver" -I"C:/Users/Younis/Desktop/Embedded-diploma-orig/Unit 7/Lesson 3/Drivers/Stm32_F103C6_Drivers/LCD_Driver" -I"C:/Users/Younis/Desktop/Embedded-diploma-orig/Unit 7/Lesson 3/Drivers/Stm32_F103C6_Drivers/inc" -I"C:/Users/Younis/Desktop/Embedded-diploma-orig/Unit 7/Lesson 3/Drivers/Inc" -O0 -ffunction-sections -fdata-sections -Wall -fstack-usage -fcyclomatic-complexity -MMD -MP -MF"Stm32_F103C6_Drivers/LCD_Driver/LCD.d" -MT"Stm32_F103C6_Drivers/LCD_Driver/LCD.o" --specs=nano.specs -mfloat-abi=soft -mthumb -o "Stm32_F103C6_Drivers/LCD_Driver/LCD.o"
arm-none-eabi-gcc -gdwarf-2 "../Src/main.c" -mcpu=cortex-m3 -std=gnu11 -g3 -DSTM32 -DSTM32F1 -DSTM32F103C6Tx -DDEBUG -c -I"C:/Users/Younis/Desktop/Embedded-diploma-orig/Unit 7/Lesson 3/Drivers/Stm32_F103C6_Drivers/Keyboard_Driver" -I"C:/Users/Younis/Desktop/Embedded-diploma-orig/Unit 7/Lesson 3/Drivers/Stm32_F103C6_Drivers/LCD_Driver" -I"C:/Users/Younis/Desktop/Embedded-diploma-orig/Unit 7/Lesson 3/Drivers/Stm32_F103C6_Drivers/inc" -I"C:/Users/Younis/Desktop/Embedded-diploma-orig/Unit 7/Lesson 3/Drivers/Inc" -O0 -ffunction-sections -fdata-sections -Wall -fstack-usage -fcyclomatic-complexity -MMD -MP -MF"Src/main.d" -MT"Src/main.o" --specs=nano.specs -mfloat-abi=soft -mthumb -o "Src/main.o"
../Src/main.c: In function 'main':
../Src/main.c:141:9: warning: implicit declaration of function 'my_wait' [-Wimplicit-function-declaration]
  141 |         my_wait(100);
      |         ^~~~~~~
arm-none-eabi-gcc -gdwarf-2 -o "Drivers.elf" @"objects.list"   -mcpu=cortex-m3 -T"C:\Users\Younis\Desktop\Embedded-diploma-orig\Unit 7\Lesson 3\Drivers\STM32F103C6TX_FLASH.ld" --specs=nosys.specs -Wl,-Map="Drivers.map" -Wl,--gc-sections -static --specs=nano.specs -mfloat-abi=soft -mthumb -Wl,--start-group -lc -lm -Wl,--end-group
C:/ST/STM32CubeIDE_1.4.0/STM32CubeIDE/plugins/com.st.stm32cube.ide.mcu.externaltools.gnu-tools-for-stm32.12.3.rel1.win32_1.0.200.202406191623/tools/bin/../lib/gcc/arm-none-eabi/12.3.1/../../../../arm-none-eabi/bin/ld.exe: ./Stm32_F103C6_Drivers/Keyboard_Driver/Keypad.o:C:/Users/Younis/Desktop/Embedded-diploma-orig/Unit 7/Lesson 3/Drivers/Debug/../Stm32_F103C6_Drivers/Keyboard_Driver/Keypad.h:16: multiple definition of `PinCnfg'; ./Src/main.o:C:/Users/Younis/Desktop/Embedded-diploma-orig/Unit 7/Lesson 3/Drivers/Stm32_F103C6_Drivers/Keyboard_Driver/Keypad.h:16: first defined here
C:/ST/STM32CubeIDE_1.4.0/STM32CubeIDE/plugins/com.st.stm32cube.ide.mcu.externaltools.gnu-tools-for-stm32.12.3.rel1.win32_1.0.200.202406191623/tools/bin/../lib/gcc/arm-none-eabi/12.3.1/../../../../arm-none-eabi/bin/ld.exe: ./Stm32_F103C6_Drivers/LCD_Driver/LCD.o:C:/Users/Younis/Desktop/Embedded-diploma-orig/Unit 7/Lesson 3/Drivers/Debug/../Stm32_F103C6_Drivers/LCD_Driver/LCD.c:10: multiple definition of `PinCnfg'; ./Src/main.o:C:/Users/Younis/Desktop/Embedded-diploma-orig/Unit 7/Lesson 3/Drivers/Stm32_F103C6_Drivers/Keyboard_Driver/Keypad.h:16: first defined here
C:/ST/STM32CubeIDE_1.4.0/STM32CubeIDE/plugins/com.st.stm32cube.ide.mcu.externaltools.gnu-tools-for-stm32.12.3.rel1.win32_1.0.200.202406191623/tools/bin/../lib/gcc/arm-none-eabi/12.3.1/../../../../arm-none-eabi/bin/ld.exe: warning: Drivers.elf has a LOAD segment with RWX permissions
collect2.exe: error: ld returned 1 exit status
make: *** [makefile:66: Drivers.elf] Error 1
"make -j16 all" terminated with exit code 2. Build might be incomplete.
19:33:19 **** Incremental Build of configuration Debug for project Drivers ****
make -j16 all 
arm-none-eabi-gcc -gdwarf-2 "../Stm32_F103C6_Drivers/LCD_Driver/LCD.c" -mcpu=cortex-m3 -std=gnu11 -g3 -DSTM32 -DSTM32F1 -DSTM32F103C6Tx -DDEBUG -c -I"C:/Users/Younis/Desktop/Embedded-diploma-orig/Unit 7/Lesson 3/Drivers/Stm32_F103C6_Drivers/Keyboard_Driver" -I"C:/Users/Younis/Desktop/Embedded-diploma-orig/Unit 7/Lesson 3/Drivers/Stm32_F103C6_Drivers/LCD_Driver" -I"C:/Users/Younis/Desktop/Embedded-diploma-orig/Unit 7/Lesson 3/Drivers/Stm32_F103C6_Drivers/inc" -I"C:/Users/Younis/Desktop/Embedded-diploma-orig/Unit 7/Lesson 3/Drivers/Inc" -O0 -ffunction-sections -fdata-sections -Wall -fstack-usage -fcyclomatic-complexity -MMD -MP -MF"Stm32_F103C6_Drivers/LCD_Driver/LCD.d" -MT"Stm32_F103C6_Drivers/LCD_Driver/LCD.o" --specs=nano.specs -mfloat-abi=soft -mthumb -o "Stm32_F103C6_Drivers/LCD_Driver/LCD.o"
arm-none-eabi-gcc -gdwarf-2 -o "Drivers.elf" @"objects.list"   -mcpu=cortex-m3 -T"C:\Users\Younis\Desktop\Embedded-diploma-orig\Unit 7\Lesson 3\Drivers\STM32F103C6TX_FLASH.ld" --specs=nosys.specs -Wl,-Map="Drivers.map" -Wl,--gc-sections -static --specs=nano.specs -mfloat-abi=soft -mthumb -Wl,--start-group -lc -lm -Wl,--end-group
C:/ST/STM32CubeIDE_1.4.0/STM32CubeIDE/plugins/com.st.stm32cube.ide.mcu.externaltools.gnu-tools-for-stm32.12.3.rel1.win32_1.0.200.202406191623/tools/bin/../lib/gcc/arm-none-eabi/12.3.1/../../../../arm-none-eabi/bin/ld.exe: ./Stm32_F103C6_Drivers/Keyboard_Driver/Keypad.o:C:/Users/Younis/Desktop/Embedded-diploma-orig/Unit 7/Lesson 3/Drivers/Debug/../Stm32_F103C6_Drivers/Keyboard_Driver/Keypad.h:16: multiple definition of `PinCnfg'; ./Src/main.o:C:/Users/Younis/Desktop/Embedded-diploma-orig/Unit 7/Lesson 3/Drivers/Stm32_F103C6_Drivers/Keyboard_Driver/Keypad.h:16: first defined here
C:/ST/STM32CubeIDE_1.4.0/STM32CubeIDE/plugins/com.st.stm32cube.ide.mcu.externaltools.gnu-tools-for-stm32.12.3.rel1.win32_1.0.200.202406191623/tools/bin/../lib/gcc/arm-none-eabi/12.3.1/../../../../arm-none-eabi/bin/ld.exe: warning: Drivers.elf has a LOAD segment with RWX permissions
collect2.exe: error: ld returned 1 exit status
make: *** [makefile:66: Drivers.elf] Error 1
"make -j16 all" terminated with exit code 2. Build might be incomplete.
19:33:39 **** Incremental Build of configuration Debug for project Drivers ****
make -j16 all 
arm-none-eabi-gcc -gdwarf-2 "../Stm32_F103C6_Drivers/Keyboard_Driver/Keypad.c" -mcpu=cortex-m3 -std=gnu11 -g3 -DSTM32 -DSTM32F1 -DSTM32F103C6Tx -DDEBUG -c -I"C:/Users/Younis/Desktop/Embedded-diploma-orig/Unit 7/Lesson 3/Drivers/Stm32_F103C6_Drivers/Keyboard_Driver" -I"C:/Users/Younis/Desktop/Embedded-diploma-orig/Unit 7/Lesson 3/Drivers/Stm32_F103C6_Drivers/LCD_Driver" -I"C:/Users/Younis/Desktop/Embedded-diploma-orig/Unit 7/Lesson 3/Drivers/Stm32_F103C6_Drivers/inc" -I"C:/Users/Younis/Desktop/Embedded-diploma-orig/Unit 7/Lesson 3/Drivers/Inc" -O0 -ffunction-sections -fdata-sections -Wall -fstack-usage -fcyclomatic-complexity -MMD -MP -MF"Stm32_F103C6_Drivers/Keyboard_Driver/Keypad.d" -MT"Stm32_F103C6_Drivers/Keyboard_Driver/Keypad.o" --specs=nano.specs -mfloat-abi=soft -mthumb -o "Stm32_F103C6_Drivers/Keyboard_Driver/Keypad.o"
arm-none-eabi-gcc -gdwarf-2 "../Src/main.c" -mcpu=cortex-m3 -std=gnu11 -g3 -DSTM32 -DSTM32F1 -DSTM32F103C6Tx -DDEBUG -c -I"C:/Users/Younis/Desktop/Embedded-diploma-orig/Unit 7/Lesson 3/Drivers/Stm32_F103C6_Drivers/Keyboard_Driver" -I"C:/Users/Younis/Desktop/Embedded-diploma-orig/Unit 7/Lesson 3/Drivers/Stm32_F103C6_Drivers/LCD_Driver" -I"C:/Users/Younis/Desktop/Embedded-diploma-orig/Unit 7/Lesson 3/Drivers/Stm32_F103C6_Drivers/inc" -I"C:/Users/Younis/Desktop/Embedded-diploma-orig/Unit 7/Lesson 3/Drivers/Inc" -O0 -ffunction-sections -fdata-sections -Wall -fstack-usage -fcyclomatic-complexity -MMD -MP -MF"Src/main.d" -MT"Src/main.o" --specs=nano.specs -mfloat-abi=soft -mthumb -o "Src/main.o"
../Src/main.c: In function 'main':
../Src/main.c:141:9: warning: implicit declaration of function 'my_wait' [-Wimplicit-function-declaration]
  141 |         my_wait(100);
      |         ^~~~~~~
arm-none-eabi-gcc -gdwarf-2 -o "Drivers.elf" @"objects.list"   -mcpu=cortex-m3 -T"C:\Users\Younis\Desktop\Embedded-diploma-orig\Unit 7\Lesson 3\Drivers\STM32F103C6TX_FLASH.ld" --specs=nosys.specs -Wl,-Map="Drivers.map" -Wl,--gc-sections -static --specs=nano.specs -mfloat-abi=soft -mthumb -Wl,--start-group -lc -lm -Wl,--end-group
C:/ST/STM32CubeIDE_1.4.0/STM32CubeIDE/plugins/com.st.stm32cube.ide.mcu.externaltools.gnu-tools-for-stm32.12.3.rel1.win32_1.0.200.202406191623/tools/bin/../lib/gcc/arm-none-eabi/12.3.1/../../../../arm-none-eabi/bin/ld.exe: warning: Drivers.elf has a LOAD segment with RWX permissions
C:/ST/STM32CubeIDE_1.4.0/STM32CubeIDE/plugins/com.st.stm32cube.ide.mcu.externaltools.gnu-tools-for-stm32.12.3.rel1.win32_1.0.200.202406191623/tools/bin/../lib/gcc/arm-none-eabi/12.3.1/../../../../arm-none-eabi/bin/ld.exe: ./Stm32_F103C6_Drivers/Keyboard_Driver/Keypad.o: in function `Keypad_Init':
C:/Users/Younis/Desktop/Embedded-diploma-orig/Unit 7/Lesson 3/Drivers/Debug/../Stm32_F103C6_Drivers/Keyboard_Driver/Keypad.c:64: undefined reference to `PinCnfg'
C:/ST/STM32CubeIDE_1.4.0/STM32CubeIDE/plugins/com.st.stm32cube.ide.mcu.externaltools.gnu-tools-for-stm32.12.3.rel1.win32_1.0.200.202406191623/tools/bin/../lib/gcc/arm-none-eabi/12.3.1/../../../../arm-none-eabi/bin/ld.exe: ./Stm32_F103C6_Drivers/LCD_Driver/LCD.o: in function `LCD_Init':
C:/Users/Younis/Desktop/Embedded-diploma-orig/Unit 7/Lesson 3/Drivers/Debug/../Stm32_F103C6_Drivers/LCD_Driver/LCD.c:144: undefined reference to `PinCnfg'
collect2.exe: error: ld returned 1 exit status
make: *** [makefile:66: Drivers.elf] Error 1
"make -j16 all" terminated with exit code 2. Build might be incomplete.
19:33:53 **** Incremental Build of configuration Debug for project Drivers ****
make -j16 all 
arm-none-eabi-gcc -gdwarf-2 "../Stm32_F103C6_Drivers/Keyboard_Driver/Keypad.c" -mcpu=cortex-m3 -std=gnu11 -g3 -DSTM32 -DSTM32F1 -DSTM32F103C6Tx -DDEBUG -c -I"C:/Users/Younis/Desktop/Embedded-diploma-orig/Unit 7/Lesson 3/Drivers/Stm32_F103C6_Drivers/Keyboard_Driver" -I"C:/Users/Younis/Desktop/Embedded-diploma-orig/Unit 7/Lesson 3/Drivers/Stm32_F103C6_Drivers/LCD_Driver" -I"C:/Users/Younis/Desktop/Embedded-diploma-orig/Unit 7/Lesson 3/Drivers/Stm32_F103C6_Drivers/inc" -I"C:/Users/Younis/Desktop/Embedded-diploma-orig/Unit 7/Lesson 3/Drivers/Inc" -O0 -ffunction-sections -fdata-sections -Wall -fstack-usage -fcyclomatic-complexity -MMD -MP -MF"Stm32_F103C6_Drivers/Keyboard_Driver/Keypad.d" -MT"Stm32_F103C6_Drivers/Keyboard_Driver/Keypad.o" --specs=nano.specs -mfloat-abi=soft -mthumb -o "Stm32_F103C6_Drivers/Keyboard_Driver/Keypad.o"
arm-none-eabi-gcc -gdwarf-2 -o "Drivers.elf" @"objects.list"   -mcpu=cortex-m3 -T"C:\Users\Younis\Desktop\Embedded-diploma-orig\Unit 7\Lesson 3\Drivers\STM32F103C6TX_FLASH.ld" --specs=nosys.specs -Wl,-Map="Drivers.map" -Wl,--gc-sections -static --specs=nano.specs -mfloat-abi=soft -mthumb -Wl,--start-group -lc -lm -Wl,--end-group
C:/ST/STM32CubeIDE_1.4.0/STM32CubeIDE/plugins/com.st.stm32cube.ide.mcu.externaltools.gnu-tools-for-stm32.12.3.rel1.win32_1.0.200.202406191623/tools/bin/../lib/gcc/arm-none-eabi/12.3.1/../../../../arm-none-eabi/bin/ld.exe: warning: Drivers.elf has a LOAD segment with RWX permissions
Finished building target: Drivers.elf
 
arm-none-eabi-size  Drivers.elf 
arm-none-eabi-objdump -h -S Drivers.elf  > "Drivers.list"
   text	   data	    bss	    dec	    hex	filename
   3092	     56	   1568	   4716	   126c	Drivers.elf
Finished building: default.size.stdout
 
Finished building: Drivers.list
 
