01:51:38 **** Incremental Build of configuration Debug for project Unit6_Lesson3_Lab2_extend ****
make -j16 all 
arm-none-eabi-gcc "../Src/main.c" -mcpu=cortex-m3 -std=gnu11 -g3 -DSTM32 -DSTM32F1 -DSTM32F103C6Tx -DDEBUG -c -I../Inc -O0 -ffunction-sections -fdata-sections -Wall -fstack-usage -MMD -MP -MF"Src/main.d" -MT"Src/main.o" --specs=nano.specs -mfloat-abi=soft -mthumb -o "Src/main.o"
../Src/main.c: In function 'main':
../Src/main.c:38:19: error: invalid operands to binary * (have 'int' and 'volatile uint32_t * {aka volatile long unsigned int *}')
 #define RCC_CFGR  *(volatile uint32_t *)(RCC_BASE + 0x04)
                   ^
../Src/main.c:73:2: note: in expansion of macro 'RCC_CFGR'
  RCC_CFGR |= (0b0110 << 18);
  ^~~~~~~~
make: *** [Src/subdir.mk:24: Src/main.o] Error 1
"make -j16 all" terminated with exit code 2. Build might be incomplete.
01:53:13 **** Incremental Build of configuration Debug for project Unit6_Lesson3_Lab2_extend ****
make -j16 all 
arm-none-eabi-gcc "../Src/main.c" -mcpu=cortex-m3 -std=gnu11 -g3 -DSTM32 -DSTM32F1 -DSTM32F103C6Tx -DDEBUG -c -I../Inc -O0 -ffunction-sections -fdata-sections -Wall -fstack-usage -MMD -MP -MF"Src/main.d" -MT"Src/main.o" --specs=nano.specs -mfloat-abi=soft -mthumb -o "Src/main.o"
../Src/main.c: In function 'main':
../Src/main.c:50:12: error: called object is not a function or function pointer
  RCC_CR |= (0b1 << 24)
            ^
make: *** [Src/subdir.mk:24: Src/main.o] Error 1
"make -j16 all" terminated with exit code 2. Build might be incomplete.
01:53:36 **** Incremental Build of configuration Debug for project Unit6_Lesson3_Lab2_extend ****
make -j16 all 
arm-none-eabi-gcc "../Src/main.c" -mcpu=cortex-m3 -std=gnu11 -g3 -DSTM32 -DSTM32F1 -DSTM32F103C6Tx -DDEBUG -c -I../Inc -O0 -ffunction-sections -fdata-sections -Wall -fstack-usage -MMD -MP -MF"Src/main.d" -MT"Src/main.o" --specs=nano.specs -mfloat-abi=soft -mthumb -o "Src/main.o"
../Src/main.c: In function 'main':
../Src/main.c:50:12: error: called object is not a function or function pointer
  RCC_CR |= (1 << 24)
            ^
make: *** [Src/subdir.mk:24: Src/main.o] Error 1
"make -j16 all" terminated with exit code 2. Build might be incomplete.
01:53:53 **** Incremental Build of configuration Debug for project Unit6_Lesson3_Lab2_extend ****
make -j16 all 
arm-none-eabi-gcc "../Src/main.c" -mcpu=cortex-m3 -std=gnu11 -g3 -DSTM32 -DSTM32F1 -DSTM32F103C6Tx -DDEBUG -c -I../Inc -O0 -ffunction-sections -fdata-sections -Wall -fstack-usage -MMD -MP -MF"Src/main.d" -MT"Src/main.o" --specs=nano.specs -mfloat-abi=soft -mthumb -o "Src/main.o"
../Src/main.c: In function 'main':
../Src/main.c:50:17: error: called object is not a function or function pointer
  RCC_CR |= 1 << 24
                 ^~
make: *** [Src/subdir.mk:24: Src/main.o] Error 1
"make -j16 all" terminated with exit code 2. Build might be incomplete.
01:54:42 **** Incremental Build of configuration Debug for project Unit6_Lesson3_Lab2_extend ****
make -j16 all 
arm-none-eabi-gcc "../Src/main.c" -mcpu=cortex-m3 -std=gnu11 -g3 -DSTM32 -DSTM32F1 -DSTM32F103C6Tx -DDEBUG -c -I../Inc -O0 -ffunction-sections -fdata-sections -Wall -fstack-usage -MMD -MP -MF"Src/main.d" -MT"Src/main.o" --specs=nano.specs -mfloat-abi=soft -mthumb -o "Src/main.o"
../Src/main.c: In function 'main':
../Src/main.c:50:17: error: expected ';' before ')' token
  RCC_CR |= 1<<24)
                 ^
../Src/main.c:50:17: error: expected statement before ')' token
make: *** [Src/subdir.mk:24: Src/main.o] Error 1
"make -j16 all" terminated with exit code 2. Build might be incomplete.
01:54:49 **** Incremental Build of configuration Debug for project Unit6_Lesson3_Lab2_extend ****
make -j16 all 
arm-none-eabi-gcc "../Src/main.c" -mcpu=cortex-m3 -std=gnu11 -g3 -DSTM32 -DSTM32F1 -DSTM32F103C6Tx -DDEBUG -c -I../Inc -O0 -ffunction-sections -fdata-sections -Wall -fstack-usage -MMD -MP -MF"Src/main.d" -MT"Src/main.o" --specs=nano.specs -mfloat-abi=soft -mthumb -o "Src/main.o"
../Src/main.c: In function 'main':
../Src/main.c:50:17: error: expected ';' before ')' token
  RCC_CR |= 1<<24);
                 ^
../Src/main.c:50:17: error: expected statement before ')' token
make: *** [Src/subdir.mk:24: Src/main.o] Error 1
"make -j16 all" terminated with exit code 2. Build might be incomplete.
01:54:59 **** Incremental Build of configuration Debug for project Unit6_Lesson3_Lab2_extend ****
make -j16 all 
arm-none-eabi-gcc "../Src/main.c" -mcpu=cortex-m3 -std=gnu11 -g3 -DSTM32 -DSTM32F1 -DSTM32F103C6Tx -DDEBUG -c -I../Inc -O0 -ffunction-sections -fdata-sections -Wall -fstack-usage -MMD -MP -MF"Src/main.d" -MT"Src/main.o" --specs=nano.specs -mfloat-abi=soft -mthumb -o "Src/main.o"
arm-none-eabi-gcc -o "Unit6_Lesson3_Lab2_extend.elf" @"objects.list"   -mcpu=cortex-m3 -T"C:\Users\Younis\Desktop\Embedded-diploma-orig\Unit 6\Lesson 3\Unit6_Lesson3_Lab2_extend\STM32F103C6TX_FLASH.ld" --specs=nosys.specs -Wl,-Map="Unit6_Lesson3_Lab2_extend.map" -Wl,--gc-sections -static --specs=nano.specs -mfloat-abi=soft -mthumb -Wl,--start-group -lc -lm -Wl,--end-group
Finished building target: Unit6_Lesson3_Lab2_extend.elf
 
arm-none-eabi-size   Unit6_Lesson3_Lab2_extend.elf 
arm-none-eabi-objdump -h -S  Unit6_Lesson3_Lab2_extend.elf  > "Unit6_Lesson3_Lab2_extend.list"
arm-none-eabi-objcopy  -O binary  Unit6_Lesson3_Lab2_extend.elf  "Unit6_Lesson3_Lab2_extend.bin"
   text	   data	    bss	    dec	    hex	filename
    740	      8	   1568	   2316	    90c	Unit6_Lesson3_Lab2_extend.elf
Finished building: default.size.stdout
 
Finished building: Unit6_Lesson3_Lab2_extend.bin
Finished building: Unit6_Lesson3_Lab2_extend.list
 
 
01:55:11 **** Incremental Build of configuration Debug for project Unit6_Lesson3_Lab2_extend ****
make -j16 all 
arm-none-eabi-gcc "../Src/main.c" -mcpu=cortex-m3 -std=gnu11 -g3 -DSTM32 -DSTM32F1 -DSTM32F103C6Tx -DDEBUG -c -I../Inc -O0 -ffunction-sections -fdata-sections -Wall -fstack-usage -MMD -MP -MF"Src/main.d" -MT"Src/main.o" --specs=nano.specs -mfloat-abi=soft -mthumb -o "Src/main.o"
arm-none-eabi-gcc -o "Unit6_Lesson3_Lab2_extend.elf" @"objects.list"   -mcpu=cortex-m3 -T"C:\Users\Younis\Desktop\Embedded-diploma-orig\Unit 6\Lesson 3\Unit6_Lesson3_Lab2_extend\STM32F103C6TX_FLASH.ld" --specs=nosys.specs -Wl,-Map="Unit6_Lesson3_Lab2_extend.map" -Wl,--gc-sections -static --specs=nano.specs -mfloat-abi=soft -mthumb -Wl,--start-group -lc -lm -Wl,--end-group
Finished building target: Unit6_Lesson3_Lab2_extend.elf
 
arm-none-eabi-objdump -h -S  Unit6_Lesson3_Lab2_extend.elf  > "Unit6_Lesson3_Lab2_extend.list"
arm-none-eabi-objcopy  -O binary  Unit6_Lesson3_Lab2_extend.elf  "Unit6_Lesson3_Lab2_extend.bin"
arm-none-eabi-size   Unit6_Lesson3_Lab2_extend.elf 
   text	   data	    bss	    dec	    hex	filename
    740	      8	   1568	   2316	    90c	Unit6_Lesson3_Lab2_extend.elf
Finished building: default.size.stdout
 
Finished building: Unit6_Lesson3_Lab2_extend.bin
Finished building: Unit6_Lesson3_Lab2_extend.list
 
 
01:55:21 **** Incremental Build of configuration Debug for project Unit6_Lesson3_Lab2_extend ****
make -j16 all 
arm-none-eabi-gcc "../Src/main.c" -mcpu=cortex-m3 -std=gnu11 -g3 -DSTM32 -DSTM32F1 -DSTM32F103C6Tx -DDEBUG -c -I../Inc -O0 -ffunction-sections -fdata-sections -Wall -fstack-usage -MMD -MP -MF"Src/main.d" -MT"Src/main.o" --specs=nano.specs -mfloat-abi=soft -mthumb -o "Src/main.o"
../Src/main.c: In function 'main':
../Src/main.c:50:13: error: 'b1' undeclared (first use in this function)
  RCC_CR |= (b1<<24);
             ^~
../Src/main.c:50:13: note: each undeclared identifier is reported only once for each function it appears in
make: *** [Src/subdir.mk:24: Src/main.o] Error 1
"make -j16 all" terminated with exit code 2. Build might be incomplete.
01:55:27 **** Incremental Build of configuration Debug for project Unit6_Lesson3_Lab2_extend ****
make -j16 all 
arm-none-eabi-gcc "../Src/main.c" -mcpu=cortex-m3 -std=gnu11 -g3 -DSTM32 -DSTM32F1 -DSTM32F103C6Tx -DDEBUG -c -I../Inc -O0 -ffunction-sections -fdata-sections -Wall -fstack-usage -MMD -MP -MF"Src/main.d" -MT"Src/main.o" --specs=nano.specs -mfloat-abi=soft -mthumb -o "Src/main.o"
../Src/main.c: In function 'main':
../Src/main.c:50:12: error: 'b1' undeclared (first use in this function)
  RCC_CR |= b1<<24;
            ^~
../Src/main.c:50:12: note: each undeclared identifier is reported only once for each function it appears in
make: *** [Src/subdir.mk:24: Src/main.o] Error 1
"make -j16 all" terminated with exit code 2. Build might be incomplete.
01:55:32 **** Incremental Build of configuration Debug for project Unit6_Lesson3_Lab2_extend ****
make -j16 all 
arm-none-eabi-gcc "../Src/main.c" -mcpu=cortex-m3 -std=gnu11 -g3 -DSTM32 -DSTM32F1 -DSTM32F103C6Tx -DDEBUG -c -I../Inc -O0 -ffunction-sections -fdata-sections -Wall -fstack-usage -MMD -MP -MF"Src/main.d" -MT"Src/main.o" --specs=nano.specs -mfloat-abi=soft -mthumb -o "Src/main.o"
arm-none-eabi-gcc -o "Unit6_Lesson3_Lab2_extend.elf" @"objects.list"   -mcpu=cortex-m3 -T"C:\Users\Younis\Desktop\Embedded-diploma-orig\Unit 6\Lesson 3\Unit6_Lesson3_Lab2_extend\STM32F103C6TX_FLASH.ld" --specs=nosys.specs -Wl,-Map="Unit6_Lesson3_Lab2_extend.map" -Wl,--gc-sections -static --specs=nano.specs -mfloat-abi=soft -mthumb -Wl,--start-group -lc -lm -Wl,--end-group
Finished building target: Unit6_Lesson3_Lab2_extend.elf
 
arm-none-eabi-objdump -h -S  Unit6_Lesson3_Lab2_extend.elf  > "Unit6_Lesson3_Lab2_extend.list"
arm-none-eabi-objcopy  -O binary  Unit6_Lesson3_Lab2_extend.elf  "Unit6_Lesson3_Lab2_extend.bin"
arm-none-eabi-size   Unit6_Lesson3_Lab2_extend.elf 
   text	   data	    bss	    dec	    hex	filename
    740	      8	   1568	   2316	    90c	Unit6_Lesson3_Lab2_extend.elf
Finished building: default.size.stdout
 
Finished building: Unit6_Lesson3_Lab2_extend.bin
Finished building: Unit6_Lesson3_Lab2_extend.list
 
 
01:55:41 **** Incremental Build of configuration Debug for project Unit6_Lesson3_Lab2_extend ****
make -j16 all 
arm-none-eabi-gcc "../Src/main.c" -mcpu=cortex-m3 -std=gnu11 -g3 -DSTM32 -DSTM32F1 -DSTM32F103C6Tx -DDEBUG -c -I../Inc -O0 -ffunction-sections -fdata-sections -Wall -fstack-usage -MMD -MP -MF"Src/main.d" -MT"Src/main.o" --specs=nano.specs -mfloat-abi=soft -mthumb -o "Src/main.o"
arm-none-eabi-gcc -o "Unit6_Lesson3_Lab2_extend.elf" @"objects.list"   -mcpu=cortex-m3 -T"C:\Users\Younis\Desktop\Embedded-diploma-orig\Unit 6\Lesson 3\Unit6_Lesson3_Lab2_extend\STM32F103C6TX_FLASH.ld" --specs=nosys.specs -Wl,-Map="Unit6_Lesson3_Lab2_extend.map" -Wl,--gc-sections -static --specs=nano.specs -mfloat-abi=soft -mthumb -Wl,--start-group -lc -lm -Wl,--end-group
Finished building target: Unit6_Lesson3_Lab2_extend.elf
 
arm-none-eabi-objdump -h -S  Unit6_Lesson3_Lab2_extend.elf  > "Unit6_Lesson3_Lab2_extend.list"
arm-none-eabi-objcopy  -O binary  Unit6_Lesson3_Lab2_extend.elf  "Unit6_Lesson3_Lab2_extend.bin"
arm-none-eabi-size   Unit6_Lesson3_Lab2_extend.elf 
   text	   data	    bss	    dec	    hex	filename
    740	      8	   1568	   2316	    90c	Unit6_Lesson3_Lab2_extend.elf
Finished building: default.size.stdout
 
Finished building: Unit6_Lesson3_Lab2_extend.bin
Finished building: Unit6_Lesson3_Lab2_extend.list
 
 
01:55:49 **** Incremental Build of configuration Debug for project Unit6_Lesson3_Lab2_extend ****
make -j16 all 
arm-none-eabi-gcc "../Src/main.c" -mcpu=cortex-m3 -std=gnu11 -g3 -DSTM32 -DSTM32F1 -DSTM32F103C6Tx -DDEBUG -c -I../Inc -O0 -ffunction-sections -fdata-sections -Wall -fstack-usage -MMD -MP -MF"Src/main.d" -MT"Src/main.o" --specs=nano.specs -mfloat-abi=soft -mthumb -o "Src/main.o"
arm-none-eabi-gcc -o "Unit6_Lesson3_Lab2_extend.elf" @"objects.list"   -mcpu=cortex-m3 -T"C:\Users\Younis\Desktop\Embedded-diploma-orig\Unit 6\Lesson 3\Unit6_Lesson3_Lab2_extend\STM32F103C6TX_FLASH.ld" --specs=nosys.specs -Wl,-Map="Unit6_Lesson3_Lab2_extend.map" -Wl,--gc-sections -static --specs=nano.specs -mfloat-abi=soft -mthumb -Wl,--start-group -lc -lm -Wl,--end-group
Finished building target: Unit6_Lesson3_Lab2_extend.elf
 
arm-none-eabi-objdump -h -S  Unit6_Lesson3_Lab2_extend.elf  > "Unit6_Lesson3_Lab2_extend.list"
arm-none-eabi-objcopy  -O binary  Unit6_Lesson3_Lab2_extend.elf  "Unit6_Lesson3_Lab2_extend.bin"
arm-none-eabi-size   Unit6_Lesson3_Lab2_extend.elf 
   text	   data	    bss	    dec	    hex	filename
    740	      8	   1568	   2316	    90c	Unit6_Lesson3_Lab2_extend.elf
Finished building: default.size.stdout
 
Finished building: Unit6_Lesson3_Lab2_extend.bin
Finished building: Unit6_Lesson3_Lab2_extend.list
 
 
01:55:57 **** Incremental Build of configuration Debug for project Unit6_Lesson3_Lab2_extend ****
make -j16 all 
arm-none-eabi-gcc "../Src/main.c" -mcpu=cortex-m3 -std=gnu11 -g3 -DSTM32 -DSTM32F1 -DSTM32F103C6Tx -DDEBUG -c -I../Inc -O0 -ffunction-sections -fdata-sections -Wall -fstack-usage -MMD -MP -MF"Src/main.d" -MT"Src/main.o" --specs=nano.specs -mfloat-abi=soft -mthumb -o "Src/main.o"
arm-none-eabi-gcc -o "Unit6_Lesson3_Lab2_extend.elf" @"objects.list"   -mcpu=cortex-m3 -T"C:\Users\Younis\Desktop\Embedded-diploma-orig\Unit 6\Lesson 3\Unit6_Lesson3_Lab2_extend\STM32F103C6TX_FLASH.ld" --specs=nosys.specs -Wl,-Map="Unit6_Lesson3_Lab2_extend.map" -Wl,--gc-sections -static --specs=nano.specs -mfloat-abi=soft -mthumb -Wl,--start-group -lc -lm -Wl,--end-group
Finished building target: Unit6_Lesson3_Lab2_extend.elf
 
arm-none-eabi-objdump -h -S  Unit6_Lesson3_Lab2_extend.elf  > "Unit6_Lesson3_Lab2_extend.list"
arm-none-eabi-objcopy  -O binary  Unit6_Lesson3_Lab2_extend.elf  "Unit6_Lesson3_Lab2_extend.bin"
arm-none-eabi-size   Unit6_Lesson3_Lab2_extend.elf 
   text	   data	    bss	    dec	    hex	filename
    740	      8	   1568	   2316	    90c	Unit6_Lesson3_Lab2_extend.elf
Finished building: default.size.stdout
 
Finished building: Unit6_Lesson3_Lab2_extend.bin
Finished building: Unit6_Lesson3_Lab2_extend.list
 
 
02:02:30 **** Incremental Build of configuration Debug for project Unit6_Lesson3_Lab2_extend ****
make -j16 all 
arm-none-eabi-gcc "../Src/main.c" -mcpu=cortex-m3 -std=gnu11 -g3 -DSTM32 -DSTM32F1 -DSTM32F103C6Tx -DDEBUG -c -I../Inc -O0 -ffunction-sections -fdata-sections -Wall -fstack-usage -MMD -MP -MF"Src/main.d" -MT"Src/main.o" --specs=nano.specs -mfloat-abi=soft -mthumb -o "Src/main.o"
arm-none-eabi-gcc -o "Unit6_Lesson3_Lab2_extend.elf" @"objects.list"   -mcpu=cortex-m3 -T"C:\Users\Younis\Desktop\Embedded-diploma-orig\Unit 6\Lesson 3\Unit6_Lesson3_Lab2_extend\STM32F103C6TX_FLASH.ld" --specs=nosys.specs -Wl,-Map="Unit6_Lesson3_Lab2_extend.map" -Wl,--gc-sections -static --specs=nano.specs -mfloat-abi=soft -mthumb -Wl,--start-group -lc -lm -Wl,--end-group
Finished building target: Unit6_Lesson3_Lab2_extend.elf
 
arm-none-eabi-objdump -h -S  Unit6_Lesson3_Lab2_extend.elf  > "Unit6_Lesson3_Lab2_extend.list"
arm-none-eabi-objcopy  -O binary  Unit6_Lesson3_Lab2_extend.elf  "Unit6_Lesson3_Lab2_extend.bin"
arm-none-eabi-size   Unit6_Lesson3_Lab2_extend.elf 
   text	   data	    bss	    dec	    hex	filename
    740	      8	   1568	   2316	    90c	Unit6_Lesson3_Lab2_extend.elf
Finished building: default.size.stdout
 
Finished building: Unit6_Lesson3_Lab2_extend.bin
Finished building: Unit6_Lesson3_Lab2_extend.list
 
 
02:02:42 **** Incremental Build of configuration Debug for project Unit6_Lesson3_Lab2_extend ****
make -j16 all 
arm-none-eabi-size   Unit6_Lesson3_Lab2_extend.elf 
   text	   data	    bss	    dec	    hex	filename
    740	      8	   1568	   2316	    90c	Unit6_Lesson3_Lab2_extend.elf
Finished building: default.size.stdout
 
