22:06:59 **** Incremental Build of configuration Debug for project Lesson 4 ****
make -j16 all 
arm-none-eabi-size   Lesson\ 4.elf 
   text	   data	    bss	    dec	    hex	filename
    584	      8	   1568	   2160	    870	Lesson 4.elf
Finished building: default.size.stdout
 
22:07:09 **** Incremental Build of configuration Debug for project Lesson 4 ****
make -j16 all 
arm-none-eabi-gcc "../Src/main.c" -mcpu=cortex-m3 -std=gnu11 -g3 -DSTM32 -DSTM32F1 -DSTM32F103C6Tx -DDEBUG -c -I../Inc -I"C:/Users/Younis/Desktop/Embedded-diploma-orig/Unit 7/Lesson 4/Stm32_F103C6_Drivers/inc" -I"C:/Users/Younis/Desktop/Embedded-diploma-orig/Unit 7/Lesson 4/HAL/includes" -O0 -ffunction-sections -fdata-sections -Wall -fstack-usage -MMD -MP -MF"Src/main.d" -MT"Src/main.o" --specs=nano.specs -mfloat-abi=soft -mthumb -o "Src/main.o"
../Src/main.c:30:39: warning: extra tokens at end of #include directive
 #include "Stm32_F103C6_EXTI_drivers.h".
                                       ^
In file included from ../Src/main.c:30:0:
C:/Users/Younis/Desktop/Embedded-diploma-orig/Unit 7/Lesson 4/Stm32_F103C6_Drivers/inc/Stm32_F103C6_EXTI_drivers.h:77:1: warning: multi-line comment [-Wcomment]
 ///////////////@ref EXTI_define\\\\\\\\\\\\\\\\
 ^
C:/Users/Younis/Desktop/Embedded-diploma-orig/Unit 7/Lesson 4/Stm32_F103C6_Drivers/inc/Stm32_F103C6_EXTI_drivers.h:190:1: warning: multi-line comment [-Wcomment]
 ///////////////@ref EXTI_Trigger_define\\\\\\\\\\\\\\\\
 ^
C:/Users/Younis/Desktop/Embedded-diploma-orig/Unit 7/Lesson 4/Stm32_F103C6_Drivers/inc/Stm32_F103C6_EXTI_drivers.h:198:1: warning: multi-line comment [-Wcomment]
 ///////////////@ref EXTI_IRQ_define\\\\\\\\\\\\\\\\
 ^
../Src/main.c: In function 'main':
../Src/main.c:44:19: warning: variable 'EXTI_CFG' set but not used [-Wunused-but-set-variable]
  EXTI_PinConfig_t EXTI_CFG;
                   ^~~~~~~~
arm-none-eabi-gcc -o "Lesson 4.elf" @"objects.list"   -mcpu=cortex-m3 -T"C:\Users\Younis\Desktop\Embedded-diploma-orig\Unit 7\Lesson 4\STM32F103C6TX_FLASH.ld" --specs=nosys.specs -Wl,-Map="Lesson 4.map" -Wl,--gc-sections -static --specs=nano.specs -mfloat-abi=soft -mthumb -Wl,--start-group -lc -lm -Wl,--end-group
Finished building target: Lesson 4.elf
 
arm-none-eabi-objdump -h -S  Lesson\ 4.elf  > "Lesson 4.list"
arm-none-eabi-objcopy  -O binary  Lesson\ 4.elf  "Lesson 4.bin"
arm-none-eabi-size   Lesson\ 4.elf 
   text	   data	    bss	    dec	    hex	filename
    584	      8	   1568	   2160	    870	Lesson 4.elf
Finished building: default.size.stdout
 
Finished building: Lesson 4.bin
Finished building: Lesson 4.list
 
 
22:07:17 **** Incremental Build of configuration Debug for project Lesson 4 ****
make -j16 all 
arm-none-eabi-gcc "../Src/main.c" -mcpu=cortex-m3 -std=gnu11 -g3 -DSTM32 -DSTM32F1 -DSTM32F103C6Tx -DDEBUG -c -I../Inc -I"C:/Users/Younis/Desktop/Embedded-diploma-orig/Unit 7/Lesson 4/Stm32_F103C6_Drivers/inc" -I"C:/Users/Younis/Desktop/Embedded-diploma-orig/Unit 7/Lesson 4/HAL/includes" -O0 -ffunction-sections -fdata-sections -Wall -fstack-usage -MMD -MP -MF"Src/main.d" -MT"Src/main.o" --specs=nano.specs -mfloat-abi=soft -mthumb -o "Src/main.o"
In file included from ../Src/main.c:30:0:
C:/Users/Younis/Desktop/Embedded-diploma-orig/Unit 7/Lesson 4/Stm32_F103C6_Drivers/inc/Stm32_F103C6_EXTI_drivers.h:77:1: warning: multi-line comment [-Wcomment]
 ///////////////@ref EXTI_define\\\\\\\\\\\\\\\\
 ^
C:/Users/Younis/Desktop/Embedded-diploma-orig/Unit 7/Lesson 4/Stm32_F103C6_Drivers/inc/Stm32_F103C6_EXTI_drivers.h:190:1: warning: multi-line comment [-Wcomment]
 ///////////////@ref EXTI_Trigger_define\\\\\\\\\\\\\\\\
 ^
C:/Users/Younis/Desktop/Embedded-diploma-orig/Unit 7/Lesson 4/Stm32_F103C6_Drivers/inc/Stm32_F103C6_EXTI_drivers.h:198:1: warning: multi-line comment [-Wcomment]
 ///////////////@ref EXTI_IRQ_define\\\\\\\\\\\\\\\\
 ^
../Src/main.c:33:1: error: expected identifier or '(' before '.' token
 .
 ^
../Src/main.c: In function 'main':
../Src/main.c:44:19: warning: variable 'EXTI_CFG' set but not used [-Wunused-but-set-variable]
  EXTI_PinConfig_t EXTI_CFG;
                   ^~~~~~~~
make: *** [Src/subdir.mk:24: Src/main.o] Error 1
"make -j16 all" terminated with exit code 2. Build might be incomplete.
22:07:22 **** Incremental Build of configuration Debug for project Lesson 4 ****
make -j16 all 
arm-none-eabi-gcc "../Src/main.c" -mcpu=cortex-m3 -std=gnu11 -g3 -DSTM32 -DSTM32F1 -DSTM32F103C6Tx -DDEBUG -c -I../Inc -I"C:/Users/Younis/Desktop/Embedded-diploma-orig/Unit 7/Lesson 4/Stm32_F103C6_Drivers/inc" -I"C:/Users/Younis/Desktop/Embedded-diploma-orig/Unit 7/Lesson 4/HAL/includes" -O0 -ffunction-sections -fdata-sections -Wall -fstack-usage -MMD -MP -MF"Src/main.d" -MT"Src/main.o" --specs=nano.specs -mfloat-abi=soft -mthumb -o "Src/main.o"
In file included from ../Src/main.c:30:0:
C:/Users/Younis/Desktop/Embedded-diploma-orig/Unit 7/Lesson 4/Stm32_F103C6_Drivers/inc/Stm32_F103C6_EXTI_drivers.h:77:1: warning: multi-line comment [-Wcomment]
 ///////////////@ref EXTI_define\\\\\\\\\\\\\\\\
 ^
C:/Users/Younis/Desktop/Embedded-diploma-orig/Unit 7/Lesson 4/Stm32_F103C6_Drivers/inc/Stm32_F103C6_EXTI_drivers.h:190:1: warning: multi-line comment [-Wcomment]
 ///////////////@ref EXTI_Trigger_define\\\\\\\\\\\\\\\\
 ^
C:/Users/Younis/Desktop/Embedded-diploma-orig/Unit 7/Lesson 4/Stm32_F103C6_Drivers/inc/Stm32_F103C6_EXTI_drivers.h:198:1: warning: multi-line comment [-Wcomment]
 ///////////////@ref EXTI_IRQ_define\\\\\\\\\\\\\\\\
 ^
../Src/main.c: In function 'main':
../Src/main.c:44:19: warning: variable 'EXTI_CFG' set but not used [-Wunused-but-set-variable]
  EXTI_PinConfig_t EXTI_CFG;
                   ^~~~~~~~
arm-none-eabi-gcc -o "Lesson 4.elf" @"objects.list"   -mcpu=cortex-m3 -T"C:\Users\Younis\Desktop\Embedded-diploma-orig\Unit 7\Lesson 4\STM32F103C6TX_FLASH.ld" --specs=nosys.specs -Wl,-Map="Lesson 4.map" -Wl,--gc-sections -static --specs=nano.specs -mfloat-abi=soft -mthumb -Wl,--start-group -lc -lm -Wl,--end-group
Finished building target: Lesson 4.elf
 
arm-none-eabi-objdump -h -S  Lesson\ 4.elf  > "Lesson 4.list"
arm-none-eabi-objcopy  -O binary  Lesson\ 4.elf  "Lesson 4.bin"
arm-none-eabi-size   Lesson\ 4.elf 
   text	   data	    bss	    dec	    hex	filename
    584	      8	   1568	   2160	    870	Lesson 4.elf
Finished building: default.size.stdout
 
Finished building: Lesson 4.bin
Finished building: Lesson 4.list
 
 
22:07:31 **** Incremental Build of configuration Debug for project Lesson 4 ****
make -j16 all 
arm-none-eabi-gcc "../Src/main.c" -mcpu=cortex-m3 -std=gnu11 -g3 -DSTM32 -DSTM32F1 -DSTM32F103C6Tx -DDEBUG -c -I../Inc -I"C:/Users/Younis/Desktop/Embedded-diploma-orig/Unit 7/Lesson 4/Stm32_F103C6_Drivers/inc" -I"C:/Users/Younis/Desktop/Embedded-diploma-orig/Unit 7/Lesson 4/HAL/includes" -O0 -ffunction-sections -fdata-sections -Wall -fstack-usage -MMD -MP -MF"Src/main.d" -MT"Src/main.o" --specs=nano.specs -mfloat-abi=soft -mthumb -o "Src/main.o"
In file included from ../Src/main.c:30:0:
C:/Users/Younis/Desktop/Embedded-diploma-orig/Unit 7/Lesson 4/Stm32_F103C6_Drivers/inc/Stm32_F103C6_EXTI_drivers.h:77:1: warning: multi-line comment [-Wcomment]
 ///////////////@ref EXTI_define\\\\\\\\\\\\\\\\
 ^
C:/Users/Younis/Desktop/Embedded-diploma-orig/Unit 7/Lesson 4/Stm32_F103C6_Drivers/inc/Stm32_F103C6_EXTI_drivers.h:190:1: warning: multi-line comment [-Wcomment]
 ///////////////@ref EXTI_Trigger_define\\\\\\\\\\\\\\\\
 ^
C:/Users/Younis/Desktop/Embedded-diploma-orig/Unit 7/Lesson 4/Stm32_F103C6_Drivers/inc/Stm32_F103C6_EXTI_drivers.h:198:1: warning: multi-line comment [-Wcomment]
 ///////////////@ref EXTI_IRQ_define\\\\\\\\\\\\\\\\
 ^
../Src/main.c: In function 'my_wait':
../Src/main.c:37:20: error: expected expression before '.' token
  unsigned int i ,j;.
                    ^
../Src/main.c:37:18: warning: unused variable 'j' [-Wunused-variable]
  unsigned int i ,j;.
                  ^
../Src/main.c:37:15: warning: unused variable 'i' [-Wunused-variable]
  unsigned int i ,j;.
               ^
../Src/main.c: In function 'main':
../Src/main.c:44:19: warning: variable 'EXTI_CFG' set but not used [-Wunused-but-set-variable]
  EXTI_PinConfig_t EXTI_CFG;
                   ^~~~~~~~
make: *** [Src/subdir.mk:24: Src/main.o] Error 1
"make -j16 all" terminated with exit code 2. Build might be incomplete.
22:07:49 **** Incremental Build of configuration Debug for project Lesson 4 ****
make -j16 all 
arm-none-eabi-gcc "../Src/main.c" -mcpu=cortex-m3 -std=gnu11 -g3 -DSTM32 -DSTM32F1 -DSTM32F103C6Tx -DDEBUG -c -I../Inc -I"C:/Users/Younis/Desktop/Embedded-diploma-orig/Unit 7/Lesson 4/Stm32_F103C6_Drivers/inc" -I"C:/Users/Younis/Desktop/Embedded-diploma-orig/Unit 7/Lesson 4/HAL/includes" -O0 -ffunction-sections -fdata-sections -Wall -fstack-usage -MMD -MP -MF"Src/main.d" -MT"Src/main.o" --specs=nano.specs -mfloat-abi=soft -mthumb -o "Src/main.o"
In file included from ../Src/main.c:30:0:
C:/Users/Younis/Desktop/Embedded-diploma-orig/Unit 7/Lesson 4/Stm32_F103C6_Drivers/inc/Stm32_F103C6_EXTI_drivers.h:22:12: error: expected identifier or '(' before '.' token
  uint16_t  . GPIO_Pin;
            ^
C:/Users/Younis/Desktop/Embedded-diploma-orig/Unit 7/Lesson 4/Stm32_F103C6_Drivers/inc/Stm32_F103C6_EXTI_drivers.h:77:1: warning: multi-line comment [-Wcomment]
 ///////////////@ref EXTI_define\\\\\\\\\\\\\\\\
 ^
C:/Users/Younis/Desktop/Embedded-diploma-orig/Unit 7/Lesson 4/Stm32_F103C6_Drivers/inc/Stm32_F103C6_EXTI_drivers.h:190:1: warning: multi-line comment [-Wcomment]
 ///////////////@ref EXTI_Trigger_define\\\\\\\\\\\\\\\\
 ^
C:/Users/Younis/Desktop/Embedded-diploma-orig/Unit 7/Lesson 4/Stm32_F103C6_Drivers/inc/Stm32_F103C6_EXTI_drivers.h:198:1: warning: multi-line comment [-Wcomment]
 ///////////////@ref EXTI_IRQ_define\\\\\\\\\\\\\\\\
 ^
In file included from ../Src/main.c:29:0:
../Src/main.c: In function 'main':
C:/Users/Younis/Desktop/Embedded-diploma-orig/Unit 7/Lesson 4/Stm32_F103C6_Drivers/inc/Stm32_F103C6_gpio_drivers.h:65:25: warning: large integer implicitly truncated to unsigned type [-Woverflow]
 #define GPIO_Pin_9      ((uint16_t)0x0200) /*Pin 9 selected*/
                         ^
C:/Users/Younis/Desktop/Embedded-diploma-orig/Unit 7/Lesson 4/Stm32_F103C6_Drivers/inc/Stm32_F103C6_EXTI_drivers.h:143:59: note: in expansion of macro 'GPIO_Pin_9'
  #define EXTI9PB9    (EXTI_GPIO_Maping_t){EXTI9 , GPIOB , GPIO_Pin_9 , EXTI9_IRQ}
                                                           ^~~~~~~~~~
../Src/main.c:45:22: note: in expansion of macro 'EXTI9PB9'
  EXTI_CFG.EXTI_Pin = EXTI9PB9;
                      ^~~~~~~~
In file included from ../Src/main.c:28:0:
C:/Users/Younis/Desktop/Embedded-diploma-orig/Unit 7/Lesson 4/Stm32_F103C6_Drivers/inc/stm32f103x6.h:211:21: warning: excess elements in struct initializer
 #define EXTI9_IRQ   23
                     ^
C:/Users/Younis/Desktop/Embedded-diploma-orig/Unit 7/Lesson 4/Stm32_F103C6_Drivers/inc/Stm32_F103C6_EXTI_drivers.h:143:72: note: in expansion of macro 'EXTI9_IRQ'
  #define EXTI9PB9    (EXTI_GPIO_Maping_t){EXTI9 , GPIOB , GPIO_Pin_9 , EXTI9_IRQ}
                                                                        ^~~~~~~~~
../Src/main.c:45:22: note: in expansion of macro 'EXTI9PB9'
  EXTI_CFG.EXTI_Pin = EXTI9PB9;
                      ^~~~~~~~
C:/Users/Younis/Desktop/Embedded-diploma-orig/Unit 7/Lesson 4/Stm32_F103C6_Drivers/inc/stm32f103x6.h:211:21: note: (near initialization for '(anonymous)')
 #define EXTI9_IRQ   23
                     ^
C:/Users/Younis/Desktop/Embedded-diploma-orig/Unit 7/Lesson 4/Stm32_F103C6_Drivers/inc/Stm32_F103C6_EXTI_drivers.h:143:72: note: in expansion of macro 'EXTI9_IRQ'
  #define EXTI9PB9    (EXTI_GPIO_Maping_t){EXTI9 , GPIOB , GPIO_Pin_9 , EXTI9_IRQ}
                                                                        ^~~~~~~~~
../Src/main.c:45:22: note: in expansion of macro 'EXTI9PB9'
  EXTI_CFG.EXTI_Pin = EXTI9PB9;
                      ^~~~~~~~
../Src/main.c:44:19: warning: variable 'EXTI_CFG' set but not used [-Wunused-but-set-variable]
  EXTI_PinConfig_t EXTI_CFG;
                   ^~~~~~~~
make: *** [Src/subdir.mk:24: Src/main.o] Error 1
"make -j16 all" terminated with exit code 2. Build might be incomplete.
22:07:54 **** Incremental Build of configuration Debug for project Lesson 4 ****
make -j16 all 
arm-none-eabi-gcc "../Src/main.c" -mcpu=cortex-m3 -std=gnu11 -g3 -DSTM32 -DSTM32F1 -DSTM32F103C6Tx -DDEBUG -c -I../Inc -I"C:/Users/Younis/Desktop/Embedded-diploma-orig/Unit 7/Lesson 4/Stm32_F103C6_Drivers/inc" -I"C:/Users/Younis/Desktop/Embedded-diploma-orig/Unit 7/Lesson 4/HAL/includes" -O0 -ffunction-sections -fdata-sections -Wall -fstack-usage -MMD -MP -MF"Src/main.d" -MT"Src/main.o" --specs=nano.specs -mfloat-abi=soft -mthumb -o "Src/main.o"
In file included from ../Src/main.c:30:0:
C:/Users/Younis/Desktop/Embedded-diploma-orig/Unit 7/Lesson 4/Stm32_F103C6_Drivers/inc/Stm32_F103C6_EXTI_drivers.h:77:1: warning: multi-line comment [-Wcomment]
 ///////////////@ref EXTI_define\\\\\\\\\\\\\\\\
 ^
C:/Users/Younis/Desktop/Embedded-diploma-orig/Unit 7/Lesson 4/Stm32_F103C6_Drivers/inc/Stm32_F103C6_EXTI_drivers.h:190:1: warning: multi-line comment [-Wcomment]
 ///////////////@ref EXTI_Trigger_define\\\\\\\\\\\\\\\\
 ^
C:/Users/Younis/Desktop/Embedded-diploma-orig/Unit 7/Lesson 4/Stm32_F103C6_Drivers/inc/Stm32_F103C6_EXTI_drivers.h:198:1: warning: multi-line comment [-Wcomment]
 ///////////////@ref EXTI_IRQ_define\\\\\\\\\\\\\\\\
 ^
../Src/main.c: In function 'main':
../Src/main.c:44:19: warning: variable 'EXTI_CFG' set but not used [-Wunused-but-set-variable]
  EXTI_PinConfig_t EXTI_CFG;
                   ^~~~~~~~
arm-none-eabi-gcc -o "Lesson 4.elf" @"objects.list"   -mcpu=cortex-m3 -T"C:\Users\Younis\Desktop\Embedded-diploma-orig\Unit 7\Lesson 4\STM32F103C6TX_FLASH.ld" --specs=nosys.specs -Wl,-Map="Lesson 4.map" -Wl,--gc-sections -static --specs=nano.specs -mfloat-abi=soft -mthumb -Wl,--start-group -lc -lm -Wl,--end-group
Finished building target: Lesson 4.elf
 
arm-none-eabi-objdump -h -S  Lesson\ 4.elf  > "Lesson 4.list"
arm-none-eabi-objcopy  -O binary  Lesson\ 4.elf  "Lesson 4.bin"
arm-none-eabi-size   Lesson\ 4.elf 
   text	   data	    bss	    dec	    hex	filename
    584	      8	   1568	   2160	    870	Lesson 4.elf
Finished building: default.size.stdout
 
Finished building: Lesson 4.bin
Finished building: Lesson 4.list
 
 
22:08:10 **** Incremental Build of configuration Debug for project Lesson 4 ****
make -j16 all 
arm-none-eabi-size   Lesson\ 4.elf 
   text	   data	    bss	    dec	    hex	filename
    584	      8	   1568	   2160	    870	Lesson 4.elf
Finished building: default.size.stdout
 
22:08:21 **** Incremental Build of configuration Debug for project Lesson 4 ****
make -j16 all 
arm-none-eabi-size   Lesson\ 4.elf 
   text	   data	    bss	    dec	    hex	filename
    584	      8	   1568	   2160	    870	Lesson 4.elf
Finished building: default.size.stdout
 
22:08:30 **** Incremental Build of configuration Debug for project Lesson 4 ****
make -j16 all 
arm-none-eabi-size   Lesson\ 4.elf 
   text	   data	    bss	    dec	    hex	filename
    584	      8	   1568	   2160	    870	Lesson 4.elf
Finished building: default.size.stdout
 
22:08:57 **** Incremental Build of configuration Debug for project Lesson 4 ****
make -j16 all 
arm-none-eabi-size   Lesson\ 4.elf 
   text	   data	    bss	    dec	    hex	filename
    584	      8	   1568	   2160	    870	Lesson 4.elf
Finished building: default.size.stdout
 
22:08:59 **** Incremental Build of configuration Debug for project Lesson 4 ****
make -j16 all 
arm-none-eabi-size   Lesson\ 4.elf 
   text	   data	    bss	    dec	    hex	filename
    584	      8	   1568	   2160	    870	Lesson 4.elf
Finished building: default.size.stdout
 
22:09:00 **** Incremental Build of configuration Debug for project Lesson 4 ****
make -j16 all 
arm-none-eabi-size   Lesson\ 4.elf 
   text	   data	    bss	    dec	    hex	filename
    584	      8	   1568	   2160	    870	Lesson 4.elf
Finished building: default.size.stdout
 
22:09:01 **** Incremental Build of configuration Debug for project Lesson 4 ****
make -j16 all 
arm-none-eabi-size   Lesson\ 4.elf 
   text	   data	    bss	    dec	    hex	filename
    584	      8	   1568	   2160	    870	Lesson 4.elf
Finished building: default.size.stdout
 
22:09:03 **** Incremental Build of configuration Debug for project Lesson 4 ****
make -j16 all 
arm-none-eabi-size   Lesson\ 4.elf 
   text	   data	    bss	    dec	    hex	filename
    584	      8	   1568	   2160	    870	Lesson 4.elf
Finished building: default.size.stdout
 
22:09:13 **** Incremental Build of configuration Debug for project Lesson 4 ****
make -j16 all 
arm-none-eabi-size   Lesson\ 4.elf 
   text	   data	    bss	    dec	    hex	filename
    584	      8	   1568	   2160	    870	Lesson 4.elf
Finished building: default.size.stdout
 
22:10:11 **** Incremental Build of configuration Debug for project Lesson 4 ****
make -j16 all 
arm-none-eabi-gcc "../Src/main.c" -mcpu=cortex-m3 -std=gnu11 -g3 -DSTM32 -DSTM32F1 -DSTM32F103C6Tx -DDEBUG -c -I../Inc -I"C:/Users/Younis/Desktop/Embedded-diploma-orig/Unit 7/Lesson 4/Stm32_F103C6_Drivers/inc" -I"C:/Users/Younis/Desktop/Embedded-diploma-orig/Unit 7/Lesson 4/HAL/includes" -O0 -ffunction-sections -fdata-sections -Wall -fstack-usage -MMD -MP -MF"Src/main.d" -MT"Src/main.o" --specs=nano.specs -mfloat-abi=soft -mthumb -o "Src/main.o"
In file included from ../Src/main.c:30:0:
C:/Users/Younis/Desktop/Embedded-diploma-orig/Unit 7/Lesson 4/Stm32_F103C6_Drivers/inc/Stm32_F103C6_EXTI_drivers.h:26:15: error: expected '{' before '.' token
 typedef struct..
               ^
C:/Users/Younis/Desktop/Embedded-diploma-orig/Unit 7/Lesson 4/Stm32_F103C6_Drivers/inc/Stm32_F103C6_EXTI_drivers.h:46:2: warning: data definition has no type or storage class
 }EXTI_PinConfig_t;
  ^~~~~~~~~~~~~~~~
C:/Users/Younis/Desktop/Embedded-diploma-orig/Unit 7/Lesson 4/Stm32_F103C6_Drivers/inc/Stm32_F103C6_EXTI_drivers.h:46:2: warning: type defaults to 'int' in declaration of 'EXTI_PinConfig_t' [-Wimplicit-int]
C:/Users/Younis/Desktop/Embedded-diploma-orig/Unit 7/Lesson 4/Stm32_F103C6_Drivers/inc/Stm32_F103C6_EXTI_drivers.h:77:1: warning: multi-line comment [-Wcomment]
 ///////////////@ref EXTI_define\\\\\\\\\\\\\\\\
 ^
C:/Users/Younis/Desktop/Embedded-diploma-orig/Unit 7/Lesson 4/Stm32_F103C6_Drivers/inc/Stm32_F103C6_EXTI_drivers.h:190:1: warning: multi-line comment [-Wcomment]
 ///////////////@ref EXTI_Trigger_define\\\\\\\\\\\\\\\\
 ^
C:/Users/Younis/Desktop/Embedded-diploma-orig/Unit 7/Lesson 4/Stm32_F103C6_Drivers/inc/Stm32_F103C6_EXTI_drivers.h:198:1: warning: multi-line comment [-Wcomment]
 ///////////////@ref EXTI_IRQ_define\\\\\\\\\\\\\\\\
 ^
C:/Users/Younis/Desktop/Embedded-diploma-orig/Unit 7/Lesson 4/Stm32_F103C6_Drivers/inc/Stm32_F103C6_EXTI_drivers.h:210:26: error: expected declaration specifiers or '...' before 'EXTI_PinConfig_t'
 void MCAL_EXTI_GPIO_Init(EXTI_PinConfig_t* EXTI_Config);
                          ^~~~~~~~~~~~~~~~
C:/Users/Younis/Desktop/Embedded-diploma-orig/Unit 7/Lesson 4/Stm32_F103C6_Drivers/inc/Stm32_F103C6_EXTI_drivers.h:214:28: error: expected declaration specifiers or '...' before 'EXTI_PinConfig_t'
 void MCAL_EXTI_GPIO_Update(EXTI_PinConfig_t* EXTI_Config);
                            ^~~~~~~~~~~~~~~~
../Src/main.c: In function 'main':
../Src/main.c:44:2: warning: statement with no effect [-Wunused-value]
  EXTI_PinConfig_t EXTI_CFG;
  ^~~~~~~~~~~~~~~~
../Src/main.c:44:19: error: expected ';' before 'EXTI_CFG'
  EXTI_PinConfig_t EXTI_CFG;
                   ^~~~~~~~
../Src/main.c:45:2: error: 'EXTI_CFG' undeclared (first use in this function); did you mean 'EXTI5PB5'?
  EXTI_CFG.EXTI_Pin = EXTI9PB9;
  ^~~~~~~~
  EXTI5PB5
../Src/main.c:45:2: note: each undeclared identifier is reported only once for each function it appears in
make: *** [Src/subdir.mk:24: Src/main.o] Error 1
"make -j16 all" terminated with exit code 2. Build might be incomplete.
22:10:26 **** Incremental Build of configuration Debug for project Lesson 4 ****
make -j16 all 
arm-none-eabi-gcc "../Src/main.c" -mcpu=cortex-m3 -std=gnu11 -g3 -DSTM32 -DSTM32F1 -DSTM32F103C6Tx -DDEBUG -c -I../Inc -I"C:/Users/Younis/Desktop/Embedded-diploma-orig/Unit 7/Lesson 4/Stm32_F103C6_Drivers/inc" -I"C:/Users/Younis/Desktop/Embedded-diploma-orig/Unit 7/Lesson 4/HAL/includes" -O0 -ffunction-sections -fdata-sections -Wall -fstack-usage -MMD -MP -MF"Src/main.d" -MT"Src/main.o" --specs=nano.specs -mfloat-abi=soft -mthumb -o "Src/main.o"
In file included from ../Src/main.c:30:0:
C:/Users/Younis/Desktop/Embedded-diploma-orig/Unit 7/Lesson 4/Stm32_F103C6_Drivers/inc/Stm32_F103C6_EXTI_drivers.h:77:1: warning: multi-line comment [-Wcomment]
 ///////////////@ref EXTI_define\\\\\\\\\\\\\\\\
 ^
C:/Users/Younis/Desktop/Embedded-diploma-orig/Unit 7/Lesson 4/Stm32_F103C6_Drivers/inc/Stm32_F103C6_EXTI_drivers.h:190:1: warning: multi-line comment [-Wcomment]
 ///////////////@ref EXTI_Trigger_define\\\\\\\\\\\\\\\\
 ^
C:/Users/Younis/Desktop/Embedded-diploma-orig/Unit 7/Lesson 4/Stm32_F103C6_Drivers/inc/Stm32_F103C6_EXTI_drivers.h:198:1: warning: multi-line comment [-Wcomment]
 ///////////////@ref EXTI_IRQ_define\\\\\\\\\\\\\\\\
 ^
../Src/main.c: In function 'main':
../Src/main.c:44:19: warning: variable 'EXTI_CFG' set but not used [-Wunused-but-set-variable]
  EXTI_PinConfig_t EXTI_CFG;
                   ^~~~~~~~
arm-none-eabi-gcc -o "Lesson 4.elf" @"objects.list"   -mcpu=cortex-m3 -T"C:\Users\Younis\Desktop\Embedded-diploma-orig\Unit 7\Lesson 4\STM32F103C6TX_FLASH.ld" --specs=nosys.specs -Wl,-Map="Lesson 4.map" -Wl,--gc-sections -static --specs=nano.specs -mfloat-abi=soft -mthumb -Wl,--start-group -lc -lm -Wl,--end-group
Finished building target: Lesson 4.elf
 
arm-none-eabi-objdump -h -S  Lesson\ 4.elf  > "Lesson 4.list"
arm-none-eabi-objcopy  -O binary  Lesson\ 4.elf  "Lesson 4.bin"
arm-none-eabi-size   Lesson\ 4.elf 
   text	   data	    bss	    dec	    hex	filename
    584	      8	   1568	   2160	    870	Lesson 4.elf
Finished building: default.size.stdout
 
Finished building: Lesson 4.bin
Finished building: Lesson 4.list
 
 
